Started GET "/" for ::1 at 2020-10-19 12:51:30 +0700
  [1m[35m (0.7ms)[0m  [1m[34mSELECT sqlite_version(*)[0m
Processing by Rails::WelcomeController#index as HTML
  Rendering /home/hoangha/.rvm/gems/ruby-2.6.5/gems/railties-6.0.3.4/lib/rails/templates/rails/welcome/index.html.erb
  Rendered /home/hoangha/.rvm/gems/ruby-2.6.5/gems/railties-6.0.3.4/lib/rails/templates/rails/welcome/index.html.erb (Duration: 4.7ms | Allocations: 472)
Completed 200 OK in 12ms (Views: 7.1ms | ActiveRecord: 0.0ms | Allocations: 2751)


Started GET "/" for ::1 at 2020-10-19 12:52:30 +0700
Processing by Rails::WelcomeController#index as HTML
  Rendering /home/hoangha/.rvm/gems/ruby-2.6.5/gems/railties-6.0.3.4/lib/rails/templates/rails/welcome/index.html.erb
  Rendered /home/hoangha/.rvm/gems/ruby-2.6.5/gems/railties-6.0.3.4/lib/rails/templates/rails/welcome/index.html.erb (Duration: 4.8ms | Allocations: 220)
Completed 200 OK in 6ms (Views: 5.5ms | ActiveRecord: 0.0ms | Allocations: 914)


Started GET "/" for ::1 at 2020-10-20 08:42:28 +0700
  [1m[35m (1.3ms)[0m  [1m[34mSELECT sqlite_version(*)[0m
Processing by Rails::WelcomeController#index as HTML
  Rendering /home/hoangha/.rvm/gems/ruby-2.7.0/gems/railties-6.0.3.4/lib/rails/templates/rails/welcome/index.html.erb
  Rendered /home/hoangha/.rvm/gems/ruby-2.7.0/gems/railties-6.0.3.4/lib/rails/templates/rails/welcome/index.html.erb (Duration: 5.8ms | Allocations: 407)
Completed 200 OK in 16ms (Views: 10.2ms | ActiveRecord: 0.0ms | Allocations: 2341)


Started GET "/" for ::1 at 2020-10-20 10:37:47 +0700
  [1m[35m (0.4ms)[0m  [1m[34mSELECT sqlite_version(*)[0m
Processing by Rails::WelcomeController#index as HTML
  Rendering /home/hoangha/.rvm/gems/ruby-2.7.0/gems/railties-6.0.3.4/lib/rails/templates/rails/welcome/index.html.erb
  Rendered /home/hoangha/.rvm/gems/ruby-2.7.0/gems/railties-6.0.3.4/lib/rails/templates/rails/welcome/index.html.erb (Duration: 5.9ms | Allocations: 295)
Completed 200 OK in 12ms (Views: 7.6ms | ActiveRecord: 0.0ms | Allocations: 1638)


Started GET "/" for ::1 at 2020-10-20 10:39:21 +0700
Processing by Rails::WelcomeController#index as HTML
  Rendering /home/hoangha/.rvm/gems/ruby-2.7.0/gems/railties-6.0.3.4/lib/rails/templates/rails/welcome/index.html.erb
  Rendered /home/hoangha/.rvm/gems/ruby-2.7.0/gems/railties-6.0.3.4/lib/rails/templates/rails/welcome/index.html.erb (Duration: 5.2ms | Allocations: 179)
Completed 200 OK in 7ms (Views: 6.3ms | ActiveRecord: 0.0ms | Allocations: 779)


Started GET "/" for ::1 at 2020-10-20 10:39:23 +0700
Processing by Rails::WelcomeController#index as HTML
  Rendering /home/hoangha/.rvm/gems/ruby-2.7.0/gems/railties-6.0.3.4/lib/rails/templates/rails/welcome/index.html.erb
  Rendered /home/hoangha/.rvm/gems/ruby-2.7.0/gems/railties-6.0.3.4/lib/rails/templates/rails/welcome/index.html.erb (Duration: 0.2ms | Allocations: 8)
Completed 200 OK in 1ms (Views: 0.6ms | ActiveRecord: 0.0ms | Allocations: 304)


Started GET "/" for ::1 at 2020-10-20 10:39:24 +0700
Processing by Rails::WelcomeController#index as HTML
  Rendering /home/hoangha/.rvm/gems/ruby-2.7.0/gems/railties-6.0.3.4/lib/rails/templates/rails/welcome/index.html.erb
  Rendered /home/hoangha/.rvm/gems/ruby-2.7.0/gems/railties-6.0.3.4/lib/rails/templates/rails/welcome/index.html.erb (Duration: 0.3ms | Allocations: 7)
Completed 200 OK in 2ms (Views: 0.7ms | ActiveRecord: 0.0ms | Allocations: 300)


Started GET "/" for ::1 at 2020-10-20 10:39:24 +0700
Processing by Rails::WelcomeController#index as HTML
  Rendering /home/hoangha/.rvm/gems/ruby-2.7.0/gems/railties-6.0.3.4/lib/rails/templates/rails/welcome/index.html.erb
  Rendered /home/hoangha/.rvm/gems/ruby-2.7.0/gems/railties-6.0.3.4/lib/rails/templates/rails/welcome/index.html.erb (Duration: 0.4ms | Allocations: 8)
Completed 200 OK in 2ms (Views: 0.8ms | ActiveRecord: 0.0ms | Allocations: 303)


Started GET "/" for ::1 at 2020-10-20 10:39:24 +0700
Processing by Rails::WelcomeController#index as HTML
  Rendering /home/hoangha/.rvm/gems/ruby-2.7.0/gems/railties-6.0.3.4/lib/rails/templates/rails/welcome/index.html.erb
  Rendered /home/hoangha/.rvm/gems/ruby-2.7.0/gems/railties-6.0.3.4/lib/rails/templates/rails/welcome/index.html.erb (Duration: 0.2ms | Allocations: 7)
Completed 200 OK in 2ms (Views: 1.6ms | ActiveRecord: 0.0ms | Allocations: 300)


Started GET "/" for ::1 at 2020-10-20 10:39:25 +0700
Processing by Rails::WelcomeController#index as HTML
  Rendering /home/hoangha/.rvm/gems/ruby-2.7.0/gems/railties-6.0.3.4/lib/rails/templates/rails/welcome/index.html.erb
  Rendered /home/hoangha/.rvm/gems/ruby-2.7.0/gems/railties-6.0.3.4/lib/rails/templates/rails/welcome/index.html.erb (Duration: 0.3ms | Allocations: 7)
Completed 200 OK in 1ms (Views: 0.7ms | ActiveRecord: 0.0ms | Allocations: 302)


Started GET "/" for ::1 at 2020-10-20 10:39:25 +0700
Processing by Rails::WelcomeController#index as HTML
  Rendering /home/hoangha/.rvm/gems/ruby-2.7.0/gems/railties-6.0.3.4/lib/rails/templates/rails/welcome/index.html.erb
  Rendered /home/hoangha/.rvm/gems/ruby-2.7.0/gems/railties-6.0.3.4/lib/rails/templates/rails/welcome/index.html.erb (Duration: 0.3ms | Allocations: 7)
Completed 200 OK in 1ms (Views: 0.6ms | ActiveRecord: 0.0ms | Allocations: 300)


Started GET "/" for ::1 at 2020-10-20 10:39:25 +0700
Processing by Rails::WelcomeController#index as HTML
  Rendering /home/hoangha/.rvm/gems/ruby-2.7.0/gems/railties-6.0.3.4/lib/rails/templates/rails/welcome/index.html.erb
  Rendered /home/hoangha/.rvm/gems/ruby-2.7.0/gems/railties-6.0.3.4/lib/rails/templates/rails/welcome/index.html.erb (Duration: 0.3ms | Allocations: 7)
Completed 200 OK in 1ms (Views: 0.6ms | ActiveRecord: 0.0ms | Allocations: 300)


Started GET "/" for ::1 at 2020-10-20 10:39:25 +0700
Processing by Rails::WelcomeController#index as HTML
  Rendering /home/hoangha/.rvm/gems/ruby-2.7.0/gems/railties-6.0.3.4/lib/rails/templates/rails/welcome/index.html.erb
  Rendered /home/hoangha/.rvm/gems/ruby-2.7.0/gems/railties-6.0.3.4/lib/rails/templates/rails/welcome/index.html.erb (Duration: 0.2ms | Allocations: 8)
Completed 200 OK in 1ms (Views: 0.7ms | ActiveRecord: 0.0ms | Allocations: 303)


Started GET "/" for ::1 at 2020-10-20 10:39:58 +0700
  [1m[35m (0.3ms)[0m  [1m[34mSELECT sqlite_version(*)[0m
Processing by Rails::WelcomeController#index as HTML
  Rendering /home/hoangha/.rvm/gems/ruby-2.7.0/gems/railties-6.0.3.4/lib/rails/templates/rails/welcome/index.html.erb
  Rendered /home/hoangha/.rvm/gems/ruby-2.7.0/gems/railties-6.0.3.4/lib/rails/templates/rails/welcome/index.html.erb (Duration: 5.7ms | Allocations: 295)
Completed 200 OK in 12ms (Views: 7.3ms | ActiveRecord: 0.0ms | Allocations: 1638)


Started GET "/" for ::1 at 2020-10-20 10:39:59 +0700
Processing by Rails::WelcomeController#index as HTML
  Rendering /home/hoangha/.rvm/gems/ruby-2.7.0/gems/railties-6.0.3.4/lib/rails/templates/rails/welcome/index.html.erb
  Rendered /home/hoangha/.rvm/gems/ruby-2.7.0/gems/railties-6.0.3.4/lib/rails/templates/rails/welcome/index.html.erb (Duration: 6.1ms | Allocations: 179)
Completed 200 OK in 8ms (Views: 7.7ms | ActiveRecord: 0.0ms | Allocations: 779)


Started GET "/" for ::1 at 2020-10-20 10:39:59 +0700
Processing by Rails::WelcomeController#index as HTML
  Rendering /home/hoangha/.rvm/gems/ruby-2.7.0/gems/railties-6.0.3.4/lib/rails/templates/rails/welcome/index.html.erb
  Rendered /home/hoangha/.rvm/gems/ruby-2.7.0/gems/railties-6.0.3.4/lib/rails/templates/rails/welcome/index.html.erb (Duration: 0.3ms | Allocations: 7)
Completed 200 OK in 1ms (Views: 0.7ms | ActiveRecord: 0.0ms | Allocations: 301)


Started GET "/" for ::1 at 2020-10-20 10:39:59 +0700
Processing by Rails::WelcomeController#index as HTML
  Rendering /home/hoangha/.rvm/gems/ruby-2.7.0/gems/railties-6.0.3.4/lib/rails/templates/rails/welcome/index.html.erb
  Rendered /home/hoangha/.rvm/gems/ruby-2.7.0/gems/railties-6.0.3.4/lib/rails/templates/rails/welcome/index.html.erb (Duration: 0.2ms | Allocations: 7)
Completed 200 OK in 1ms (Views: 0.6ms | ActiveRecord: 0.0ms | Allocations: 300)


Started GET "/" for ::1 at 2020-10-20 10:39:59 +0700
Processing by Rails::WelcomeController#index as HTML
  Rendering /home/hoangha/.rvm/gems/ruby-2.7.0/gems/railties-6.0.3.4/lib/rails/templates/rails/welcome/index.html.erb
  Rendered /home/hoangha/.rvm/gems/ruby-2.7.0/gems/railties-6.0.3.4/lib/rails/templates/rails/welcome/index.html.erb (Duration: 0.2ms | Allocations: 8)
Completed 200 OK in 2ms (Views: 0.5ms | ActiveRecord: 0.0ms | Allocations: 303)


Started GET "/" for ::1 at 2020-10-20 10:40:00 +0700
Processing by Rails::WelcomeController#index as HTML
  Rendering /home/hoangha/.rvm/gems/ruby-2.7.0/gems/railties-6.0.3.4/lib/rails/templates/rails/welcome/index.html.erb
  Rendered /home/hoangha/.rvm/gems/ruby-2.7.0/gems/railties-6.0.3.4/lib/rails/templates/rails/welcome/index.html.erb (Duration: 0.3ms | Allocations: 8)
Completed 200 OK in 2ms (Views: 1.6ms | ActiveRecord: 0.0ms | Allocations: 303)


Started GET "/" for ::1 at 2020-10-20 10:40:00 +0700
Processing by Rails::WelcomeController#index as HTML
  Rendering /home/hoangha/.rvm/gems/ruby-2.7.0/gems/railties-6.0.3.4/lib/rails/templates/rails/welcome/index.html.erb
  Rendered /home/hoangha/.rvm/gems/ruby-2.7.0/gems/railties-6.0.3.4/lib/rails/templates/rails/welcome/index.html.erb (Duration: 0.3ms | Allocations: 8)
Completed 200 OK in 2ms (Views: 0.8ms | ActiveRecord: 0.0ms | Allocations: 303)


Started GET "/" for ::1 at 2020-10-20 10:40:00 +0700
Processing by Rails::WelcomeController#index as HTML
  Rendering /home/hoangha/.rvm/gems/ruby-2.7.0/gems/railties-6.0.3.4/lib/rails/templates/rails/welcome/index.html.erb
  Rendered /home/hoangha/.rvm/gems/ruby-2.7.0/gems/railties-6.0.3.4/lib/rails/templates/rails/welcome/index.html.erb (Duration: 0.2ms | Allocations: 7)
Completed 200 OK in 2ms (Views: 0.6ms | ActiveRecord: 0.0ms | Allocations: 300)


Started GET "/" for ::1 at 2020-10-20 10:40:01 +0700
Processing by Rails::WelcomeController#index as HTML
  Rendering /home/hoangha/.rvm/gems/ruby-2.7.0/gems/railties-6.0.3.4/lib/rails/templates/rails/welcome/index.html.erb
  Rendered /home/hoangha/.rvm/gems/ruby-2.7.0/gems/railties-6.0.3.4/lib/rails/templates/rails/welcome/index.html.erb (Duration: 0.3ms | Allocations: 7)
Completed 200 OK in 1ms (Views: 0.7ms | ActiveRecord: 0.0ms | Allocations: 300)


Started GET "/" for ::1 at 2020-10-20 10:41:27 +0700
  [1m[35m (0.4ms)[0m  [1m[34mSELECT sqlite_version(*)[0m
Processing by Rails::WelcomeController#index as HTML
  Rendering /home/hoangha/.rvm/gems/ruby-2.7.0/gems/railties-6.0.3.4/lib/rails/templates/rails/welcome/index.html.erb
  Rendered /home/hoangha/.rvm/gems/ruby-2.7.0/gems/railties-6.0.3.4/lib/rails/templates/rails/welcome/index.html.erb (Duration: 5.6ms | Allocations: 295)
Completed 200 OK in 12ms (Views: 7.0ms | ActiveRecord: 0.0ms | Allocations: 1638)


  [1m[35m (0.3ms)[0m  [1m[34mSELECT sqlite_version(*)[0m
  [1m[35m (103.3ms)[0m  [1m[35mCREATE TABLE "schema_migrations" ("version" varchar NOT NULL PRIMARY KEY)[0m
  [1m[35m (132.4ms)[0m  [1m[35mCREATE TABLE "ar_internal_metadata" ("key" varchar NOT NULL PRIMARY KEY, "value" varchar, "created_at" datetime(6) NOT NULL, "updated_at" datetime(6) NOT NULL)[0m
  [1m[35m (0.1ms)[0m  [1m[34mSELECT "schema_migrations"."version" FROM "schema_migrations" ORDER BY "schema_migrations"."version" ASC[0m
Migrating to CreateUsers (20201020034520)
  [1m[35m (0.1ms)[0m  [1m[36mbegin transaction[0m
  [1m[35m (0.4ms)[0m  [1m[35mCREATE TABLE "users" ("id" integer PRIMARY KEY AUTOINCREMENT NOT NULL, "name" varchar, "email" varchar, "created_at" datetime(6) NOT NULL, "updated_at" datetime(6) NOT NULL)[0m
  [1m[36mprimary::SchemaMigration Create (0.2ms)[0m  [1m[32mINSERT INTO "schema_migrations" ("version") VALUES (?)[0m  [["version", "20201020034520"]]
  [1m[35m (105.0ms)[0m  [1m[36mcommit transaction[0m
  [1m[36mActiveRecord::InternalMetadata Load (0.1ms)[0m  [1m[34mSELECT "ar_internal_metadata".* FROM "ar_internal_metadata" WHERE "ar_internal_metadata"."key" = ? LIMIT ?[0m  [["key", "environment"], ["LIMIT", 1]]
  [1m[35m (0.9ms)[0m  [1m[36mbegin transaction[0m
  [1m[36mActiveRecord::InternalMetadata Create (0.3ms)[0m  [1m[32mINSERT INTO "ar_internal_metadata" ("key", "value", "created_at", "updated_at") VALUES (?, ?, ?, ?)[0m  [["key", "environment"], ["value", "development"], ["created_at", "2020-10-20 03:45:49.546828"], ["updated_at", "2020-10-20 03:45:49.546828"]]
  [1m[35m (95.5ms)[0m  [1m[36mcommit transaction[0m
  [1m[35m (0.1ms)[0m  [1m[34mSELECT sqlite_version(*)[0m
  [1m[35m (0.1ms)[0m  [1m[34mSELECT "schema_migrations"."version" FROM "schema_migrations" ORDER BY "schema_migrations"."version" ASC[0m
Started GET "/user" for ::1 at 2020-10-20 10:47:26 +0700
  [1m[35m (0.4ms)[0m  [1m[34mSELECT sqlite_version(*)[0m
  [1m[35m (0.1ms)[0m  [1m[34mSELECT "schema_migrations"."version" FROM "schema_migrations" ORDER BY "schema_migrations"."version" ASC[0m
  
ActionController::RoutingError (No route matches [GET] "/user"):
  
actionpack (6.0.3.4) lib/action_dispatch/middleware/debug_exceptions.rb:36:in `call'
web-console (4.0.4) lib/web_console/middleware.rb:132:in `call_app'
web-console (4.0.4) lib/web_console/middleware.rb:28:in `block in call'
web-console (4.0.4) lib/web_console/middleware.rb:17:in `catch'
web-console (4.0.4) lib/web_console/middleware.rb:17:in `call'
actionpack (6.0.3.4) lib/action_dispatch/middleware/show_exceptions.rb:33:in `call'
railties (6.0.3.4) lib/rails/rack/logger.rb:37:in `call_app'
railties (6.0.3.4) lib/rails/rack/logger.rb:26:in `block in call'
activesupport (6.0.3.4) lib/active_support/tagged_logging.rb:80:in `block in tagged'
activesupport (6.0.3.4) lib/active_support/tagged_logging.rb:28:in `tagged'
activesupport (6.0.3.4) lib/active_support/tagged_logging.rb:80:in `tagged'
railties (6.0.3.4) lib/rails/rack/logger.rb:26:in `call'
sprockets-rails (3.2.2) lib/sprockets/rails/quiet_assets.rb:13:in `call'
actionpack (6.0.3.4) lib/action_dispatch/middleware/remote_ip.rb:81:in `call'
actionpack (6.0.3.4) lib/action_dispatch/middleware/request_id.rb:27:in `call'
rack (2.2.3) lib/rack/method_override.rb:24:in `call'
rack (2.2.3) lib/rack/runtime.rb:22:in `call'
activesupport (6.0.3.4) lib/active_support/cache/strategy/local_cache_middleware.rb:29:in `call'
actionpack (6.0.3.4) lib/action_dispatch/middleware/executor.rb:14:in `call'
actionpack (6.0.3.4) lib/action_dispatch/middleware/static.rb:126:in `call'
rack (2.2.3) lib/rack/sendfile.rb:110:in `call'
actionpack (6.0.3.4) lib/action_dispatch/middleware/host_authorization.rb:82:in `call'
webpacker (4.3.0) lib/webpacker/dev_server_proxy.rb:23:in `perform_request'
rack-proxy (0.6.5) lib/rack/proxy.rb:57:in `call'
railties (6.0.3.4) lib/rails/engine.rb:527:in `call'
puma (4.3.6) lib/puma/configuration.rb:228:in `call'
puma (4.3.6) lib/puma/server.rb:713:in `handle_request'
puma (4.3.6) lib/puma/server.rb:472:in `process_client'
puma (4.3.6) lib/puma/server.rb:328:in `block in run'
puma (4.3.6) lib/puma/thread_pool.rb:134:in `block in spawn_thread'
Started GET "/users" for ::1 at 2020-10-20 10:47:35 +0700
Processing by UsersController#index as HTML
  Rendering users/index.html.erb within layouts/application
  [1m[36mUser Load (0.1ms)[0m  [1m[34mSELECT "users".* FROM "users"[0m
  ↳ app/views/users/index.html.erb:16
  Rendered users/index.html.erb within layouts/application (Duration: 2.8ms | Allocations: 1949)
[Webpacker] Compiling...
[Webpacker] Compiled all packs in /home/hoangha/Desktop/613/RubyOnRails/sample_app/new_app/public/packs
[Webpacker] Hash: 15d1bb7b54cf6326b9ba
Version: webpack 4.44.2
Time: 3415ms
Built at: 10/20/2020 10:47:43 AM
                                     Asset       Size       Chunks                         Chunk Names
    js/application-9afcbb5693aa87623e69.js    124 KiB  application  [emitted] [immutable]  application
js/application-9afcbb5693aa87623e69.js.map    139 KiB  application  [emitted] [dev]        application
                             manifest.json  364 bytes               [emitted]              
Entrypoint application = js/application-9afcbb5693aa87623e69.js js/application-9afcbb5693aa87623e69.js.map
[./app/javascript/channels sync recursive _channel\.js$] ./app/javascript/channels sync _channel\.js$ 160 bytes {application} [built]
[./app/javascript/channels/index.js] 211 bytes {application} [built]
[./app/javascript/packs/application.js] 749 bytes {application} [built]
[./node_modules/webpack/buildin/module.js] (webpack)/buildin/module.js 552 bytes {application} [built]
    + 3 hidden modules

Completed 200 OK in 7424ms (Views: 7421.6ms | ActiveRecord: 0.4ms | Allocations: 24309)


Started GET "/vi/users" for ::1 at 2020-10-20 10:47:45 +0700
Processing by UsersController#index as HTML
  Parameters: {"locale"=>"vi"}
  Rendering users/index.html.erb within layouts/application
  [1m[36mUser Load (0.1ms)[0m  [1m[34mSELECT "users".* FROM "users"[0m
  ↳ app/views/users/index.html.erb:16
  Rendered users/index.html.erb within layouts/application (Duration: 1.4ms | Allocations: 829)
[Webpacker] Everything's up-to-date. Nothing to do
Completed 200 OK in 8ms (Views: 6.4ms | ActiveRecord: 0.1ms | Allocations: 4787)


Started GET "/en/users" for ::1 at 2020-10-20 10:47:46 +0700
Processing by UsersController#index as HTML
  Parameters: {"locale"=>"en"}
  Rendering users/index.html.erb within layouts/application
  [1m[36mUser Load (0.1ms)[0m  [1m[34mSELECT "users".* FROM "users"[0m
  ↳ app/views/users/index.html.erb:16
  Rendered users/index.html.erb within layouts/application (Duration: 1.3ms | Allocations: 820)
[Webpacker] Everything's up-to-date. Nothing to do
Completed 200 OK in 6ms (Views: 4.9ms | ActiveRecord: 0.1ms | Allocations: 4247)


Started GET "/vi/users" for ::1 at 2020-10-20 10:47:46 +0700
Processing by UsersController#index as HTML
  Parameters: {"locale"=>"vi"}
  Rendering users/index.html.erb within layouts/application
  [1m[36mUser Load (0.1ms)[0m  [1m[34mSELECT "users".* FROM "users"[0m
  ↳ app/views/users/index.html.erb:16
  Rendered users/index.html.erb within layouts/application (Duration: 1.1ms | Allocations: 820)
[Webpacker] Everything's up-to-date. Nothing to do
Completed 200 OK in 5ms (Views: 4.5ms | ActiveRecord: 0.1ms | Allocations: 4239)


Started GET "/en/users" for ::1 at 2020-10-20 10:47:47 +0700
Processing by UsersController#index as HTML
  Parameters: {"locale"=>"en"}
  Rendering users/index.html.erb within layouts/application
  [1m[36mUser Load (0.1ms)[0m  [1m[34mSELECT "users".* FROM "users"[0m
  ↳ app/views/users/index.html.erb:16
  Rendered users/index.html.erb within layouts/application (Duration: 1.8ms | Allocations: 810)
[Webpacker] Everything's up-to-date. Nothing to do
Completed 200 OK in 7ms (Views: 6.3ms | ActiveRecord: 0.1ms | Allocations: 4226)


Started GET "/en/users" for ::1 at 2020-10-20 10:48:42 +0700
  [1m[35m (0.1ms)[0m  [1m[34mSELECT sqlite_version(*)[0m
Processing by UsersController#index as HTML
  Parameters: {"locale"=>"en"}
  Rendering users/index.html.erb within layouts/application
  [1m[36mUser Load (0.2ms)[0m  [1m[34mSELECT "users".* FROM "users"[0m
  ↳ app/views/users/index.html.erb:16
  Rendered users/index.html.erb within layouts/application (Duration: 3.2ms | Allocations: 1677)
[Webpacker] Everything's up-to-date. Nothing to do
Completed 200 OK in 16ms (Views: 13.6ms | ActiveRecord: 0.4ms | Allocations: 5582)


Started GET "/en/users" for ::1 at 2020-10-20 10:50:15 +0700
  [1m[35m (0.4ms)[0m  [1m[34mSELECT sqlite_version(*)[0m
  [1m[35m (0.2ms)[0m  [1m[34mSELECT "schema_migrations"."version" FROM "schema_migrations" ORDER BY "schema_migrations"."version" ASC[0m
Processing by UsersController#index as HTML
  Parameters: {"locale"=>"en"}
  Rendering users/index.html.erb within layouts/application
  [1m[36mUser Load (0.2ms)[0m  [1m[34mSELECT "users".* FROM "users"[0m
  ↳ app/views/users/index.html.erb:16
  Rendered users/index.html.erb within layouts/application (Duration: 4.6ms | Allocations: 2041)
[Webpacker] Everything's up-to-date. Nothing to do
Completed 200 OK in 38ms (Views: 30.4ms | ActiveRecord: 1.5ms | Allocations: 9609)


Started GET "/en/users" for ::1 at 2020-10-20 10:50:17 +0700
Processing by UsersController#index as HTML
  Parameters: {"locale"=>"en"}
  Rendering users/index.html.erb within layouts/application
  [1m[36mUser Load (0.1ms)[0m  [1m[34mSELECT "users".* FROM "users"[0m
  ↳ app/views/users/index.html.erb:16
  Rendered users/index.html.erb within layouts/application (Duration: 1.9ms | Allocations: 829)
[Webpacker] Everything's up-to-date. Nothing to do
Completed 200 OK in 13ms (Views: 11.6ms | ActiveRecord: 0.1ms | Allocations: 4253)


Started GET "/vi/users" for ::1 at 2020-10-20 10:50:18 +0700
Processing by UsersController#index as HTML
  Parameters: {"locale"=>"vi"}
  Rendering users/index.html.erb within layouts/application
  [1m[36mUser Load (0.1ms)[0m  [1m[34mSELECT "users".* FROM "users"[0m
  ↳ app/views/users/index.html.erb:16
  Rendered users/index.html.erb within layouts/application (Duration: 1.5ms | Allocations: 821)
[Webpacker] Everything's up-to-date. Nothing to do
Completed 200 OK in 15ms (Views: 5.8ms | ActiveRecord: 0.1ms | Allocations: 4767)


Started GET "/vi/users/new" for ::1 at 2020-10-20 10:50:18 +0700
Processing by UsersController#new as HTML
  Parameters: {"locale"=>"vi"}
  Rendering users/new.html.erb within layouts/application
  Rendered users/_form.html.erb (Duration: 26.0ms | Allocations: 9408)
  Rendered users/new.html.erb within layouts/application (Duration: 27.1ms | Allocations: 9771)
[Webpacker] Everything's up-to-date. Nothing to do
Completed 200 OK in 37ms (Views: 31.0ms | ActiveRecord: 0.4ms | Allocations: 16046)


Started POST "/vi/users" for ::1 at 2020-10-20 10:50:27 +0700
Processing by UsersController#create as HTML
  Parameters: {"authenticity_token"=>"IwHF3VOYA98eaO3Kykaec5cI/zBwEQFnZhM63ux7u3DMsBf1xQFff6qHNoPePgGKOkg4g03tgux7WiZnq6Q+8w==", "user"=>{"name"=>"xhgfj,bkjb", "email"=>"dxgcvb"}, "commit"=>"Tạo User", "locale"=>"vi"}
  [1m[35m (0.1ms)[0m  [1m[36mbegin transaction[0m
  ↳ app/controllers/users_controller.rb:30:in `block in create'
  [1m[36mUser Create (0.3ms)[0m  [1m[32mINSERT INTO "users" ("name", "email", "created_at", "updated_at") VALUES (?, ?, ?, ?)[0m  [["name", "xhgfj,bkjb"], ["email", "dxgcvb"], ["created_at", "2020-10-20 03:50:27.405671"], ["updated_at", "2020-10-20 03:50:27.405671"]]
  ↳ app/controllers/users_controller.rb:30:in `block in create'
  [1m[35m (219.3ms)[0m  [1m[36mcommit transaction[0m
  ↳ app/controllers/users_controller.rb:30:in `block in create'
Redirected to http://localhost:3000/vi/users/1
Completed 302 Found in 227ms (ActiveRecord: 219.7ms | Allocations: 4199)


Started GET "/vi/users/1" for ::1 at 2020-10-20 10:50:27 +0700
Processing by UsersController#show as HTML
  Parameters: {"locale"=>"vi", "id"=>"1"}
  [1m[36mUser Load (0.2ms)[0m  [1m[34mSELECT "users".* FROM "users" WHERE "users"."id" = ? LIMIT ?[0m  [["id", 1], ["LIMIT", 1]]
  ↳ app/controllers/users_controller.rb:67:in `set_user'
  Rendering users/show.html.erb within layouts/application
  Rendered users/show.html.erb within layouts/application (Duration: 0.7ms | Allocations: 323)
[Webpacker] Everything's up-to-date. Nothing to do
Completed 200 OK in 7ms (Views: 4.7ms | ActiveRecord: 0.2ms | Allocations: 4830)


Started GET "/vi/users" for ::1 at 2020-10-20 10:50:31 +0700
Processing by UsersController#index as HTML
  Parameters: {"locale"=>"vi"}
  Rendering users/index.html.erb within layouts/application
  [1m[36mUser Load (0.1ms)[0m  [1m[34mSELECT "users".* FROM "users"[0m
  ↳ app/views/users/index.html.erb:16
  Rendered users/index.html.erb within layouts/application (Duration: 1.8ms | Allocations: 1030)
[Webpacker] Everything's up-to-date. Nothing to do
Completed 200 OK in 6ms (Views: 5.0ms | ActiveRecord: 0.1ms | Allocations: 4444)


Started GET "/en/users" for ::1 at 2020-10-20 10:50:32 +0700
Processing by UsersController#index as HTML
  Parameters: {"locale"=>"en"}
  Rendering users/index.html.erb within layouts/application
  [1m[36mUser Load (0.1ms)[0m  [1m[34mSELECT "users".* FROM "users"[0m
  ↳ app/views/users/index.html.erb:16
  Rendered users/index.html.erb within layouts/application (Duration: 1.7ms | Allocations: 1022)
[Webpacker] Everything's up-to-date. Nothing to do
Completed 200 OK in 6ms (Views: 5.7ms | ActiveRecord: 0.1ms | Allocations: 4443)


Started GET "/vi/users" for ::1 at 2020-10-20 10:50:32 +0700
Processing by UsersController#index as HTML
  Parameters: {"locale"=>"vi"}
  Rendering users/index.html.erb within layouts/application
  [1m[36mUser Load (0.1ms)[0m  [1m[34mSELECT "users".* FROM "users"[0m
  ↳ app/views/users/index.html.erb:16
  Rendered users/index.html.erb within layouts/application (Duration: 2.0ms | Allocations: 1022)
[Webpacker] Everything's up-to-date. Nothing to do
Completed 200 OK in 7ms (Views: 6.0ms | ActiveRecord: 0.1ms | Allocations: 4435)


Started GET "/en/users" for ::1 at 2020-10-20 10:50:33 +0700
Processing by UsersController#index as HTML
  Parameters: {"locale"=>"en"}
  Rendering users/index.html.erb within layouts/application
  [1m[36mUser Load (0.1ms)[0m  [1m[34mSELECT "users".* FROM "users"[0m
  ↳ app/views/users/index.html.erb:16
  Rendered users/index.html.erb within layouts/application (Duration: 1.6ms | Allocations: 1024)
[Webpacker] Everything's up-to-date. Nothing to do
Completed 200 OK in 6ms (Views: 5.1ms | ActiveRecord: 0.1ms | Allocations: 4434)


Started GET "/vi/users" for ::1 at 2020-10-20 10:50:34 +0700
Processing by UsersController#index as HTML
  Parameters: {"locale"=>"vi"}
  Rendering users/index.html.erb within layouts/application
  [1m[36mUser Load (0.1ms)[0m  [1m[34mSELECT "users".* FROM "users"[0m
  ↳ app/views/users/index.html.erb:16
  Rendered users/index.html.erb within layouts/application (Duration: 1.7ms | Allocations: 1023)
[Webpacker] Everything's up-to-date. Nothing to do
Completed 200 OK in 6ms (Views: 5.7ms | ActiveRecord: 0.1ms | Allocations: 4432)


Started GET "/en/users" for ::1 at 2020-10-20 10:50:35 +0700
Processing by UsersController#index as HTML
  Parameters: {"locale"=>"en"}
  Rendering users/index.html.erb within layouts/application
  [1m[36mUser Load (0.1ms)[0m  [1m[34mSELECT "users".* FROM "users"[0m
  ↳ app/views/users/index.html.erb:16
  Rendered users/index.html.erb within layouts/application (Duration: 1.6ms | Allocations: 1022)
[Webpacker] Everything's up-to-date. Nothing to do
Completed 200 OK in 6ms (Views: 5.1ms | ActiveRecord: 0.1ms | Allocations: 4437)


Started GET "/vi/users" for ::1 at 2020-10-20 10:50:35 +0700
Processing by UsersController#index as HTML
  Parameters: {"locale"=>"vi"}
  Rendering users/index.html.erb within layouts/application
  [1m[36mUser Load (0.1ms)[0m  [1m[34mSELECT "users".* FROM "users"[0m
  ↳ app/views/users/index.html.erb:16
  Rendered users/index.html.erb within layouts/application (Duration: 1.7ms | Allocations: 1022)
[Webpacker] Everything's up-to-date. Nothing to do
Completed 200 OK in 6ms (Views: 5.2ms | ActiveRecord: 0.1ms | Allocations: 4431)


Started GET "/en/users" for ::1 at 2020-10-20 10:50:36 +0700
Processing by UsersController#index as HTML
  Parameters: {"locale"=>"en"}
  Rendering users/index.html.erb within layouts/application
  [1m[36mUser Load (0.1ms)[0m  [1m[34mSELECT "users".* FROM "users"[0m
  ↳ app/views/users/index.html.erb:16
  Rendered users/index.html.erb within layouts/application (Duration: 1.6ms | Allocations: 1022)
[Webpacker] Everything's up-to-date. Nothing to do
Completed 200 OK in 6ms (Views: 5.0ms | ActiveRecord: 0.1ms | Allocations: 4432)


Started GET "/vi/users" for ::1 at 2020-10-20 10:50:37 +0700
Processing by UsersController#index as HTML
  Parameters: {"locale"=>"vi"}
  Rendering users/index.html.erb within layouts/application
  [1m[36mUser Load (0.1ms)[0m  [1m[34mSELECT "users".* FROM "users"[0m
  ↳ app/views/users/index.html.erb:16
  Rendered users/index.html.erb within layouts/application (Duration: 1.7ms | Allocations: 1022)
[Webpacker] Everything's up-to-date. Nothing to do
Completed 200 OK in 6ms (Views: 5.5ms | ActiveRecord: 0.1ms | Allocations: 4431)


Started GET "/en/users" for ::1 at 2020-10-20 11:00:17 +0700
  [1m[35m (0.1ms)[0m  [1m[34mSELECT sqlite_version(*)[0m
Processing by UsersController#index as HTML
  Parameters: {"locale"=>"en"}
  Rendering users/index.html.erb within layouts/application
  [1m[36mUser Load (0.1ms)[0m  [1m[34mSELECT "users".* FROM "users"[0m
  ↳ app/views/users/index.html.erb:16
  Rendered users/index.html.erb within layouts/application (Duration: 1.6ms | Allocations: 1040)
[Webpacker] Everything's up-to-date. Nothing to do
Completed 200 OK in 6ms (Views: 5.3ms | ActiveRecord: 0.1ms | Allocations: 4451)


Started GET "/vi/users" for ::1 at 2020-10-20 11:00:18 +0700
Processing by UsersController#index as HTML
  Parameters: {"locale"=>"vi"}
  Rendering users/index.html.erb within layouts/application
  [1m[36mUser Load (0.1ms)[0m  [1m[34mSELECT "users".* FROM "users"[0m
  ↳ app/views/users/index.html.erb:16
  Rendered users/index.html.erb within layouts/application (Duration: 1.7ms | Allocations: 1022)
[Webpacker] Everything's up-to-date. Nothing to do
Completed 200 OK in 6ms (Views: 5.2ms | ActiveRecord: 0.1ms | Allocations: 4433)


Started GET "/en/users" for ::1 at 2020-10-20 11:00:19 +0700
Processing by UsersController#index as HTML
  Parameters: {"locale"=>"en"}
  Rendering users/index.html.erb within layouts/application
  [1m[36mUser Load (0.1ms)[0m  [1m[34mSELECT "users".* FROM "users"[0m
  ↳ app/views/users/index.html.erb:16
  Rendered users/index.html.erb within layouts/application (Duration: 2.0ms | Allocations: 1022)
[Webpacker] Everything's up-to-date. Nothing to do
Completed 200 OK in 7ms (Views: 5.9ms | ActiveRecord: 0.1ms | Allocations: 4433)


Started GET "/vi/users" for ::1 at 2020-10-20 11:00:19 +0700
Processing by UsersController#index as HTML
  Parameters: {"locale"=>"vi"}
  Rendering users/index.html.erb within layouts/application
  [1m[36mUser Load (0.1ms)[0m  [1m[34mSELECT "users".* FROM "users"[0m
  ↳ app/views/users/index.html.erb:16
  Rendered users/index.html.erb within layouts/application (Duration: 1.7ms | Allocations: 1022)
[Webpacker] Everything's up-to-date. Nothing to do
Completed 200 OK in 6ms (Views: 5.0ms | ActiveRecord: 0.1ms | Allocations: 4427)


Started GET "/en/users" for ::1 at 2020-10-20 11:00:20 +0700
Processing by UsersController#index as HTML
  Parameters: {"locale"=>"en"}
  Rendering users/index.html.erb within layouts/application
  [1m[36mUser Load (0.1ms)[0m  [1m[34mSELECT "users".* FROM "users"[0m
  ↳ app/views/users/index.html.erb:16
  Rendered users/index.html.erb within layouts/application (Duration: 1.5ms | Allocations: 1022)
[Webpacker] Everything's up-to-date. Nothing to do
Completed 200 OK in 6ms (Views: 5.2ms | ActiveRecord: 0.1ms | Allocations: 4424)


Started GET "/vi/users" for ::1 at 2020-10-20 11:00:21 +0700
Processing by UsersController#index as HTML
  Parameters: {"locale"=>"vi"}
  Rendering users/index.html.erb within layouts/application
  [1m[36mUser Load (0.1ms)[0m  [1m[34mSELECT "users".* FROM "users"[0m
  ↳ app/views/users/index.html.erb:16
  Rendered users/index.html.erb within layouts/application (Duration: 1.8ms | Allocations: 1022)
[Webpacker] Everything's up-to-date. Nothing to do
Completed 200 OK in 11ms (Views: 10.1ms | ActiveRecord: 0.1ms | Allocations: 4435)


Started GET "/en/users" for ::1 at 2020-10-20 11:00:21 +0700
Processing by UsersController#index as HTML
  Parameters: {"locale"=>"en"}
  Rendering users/index.html.erb within layouts/application
  [1m[36mUser Load (0.1ms)[0m  [1m[34mSELECT "users".* FROM "users"[0m
  ↳ app/views/users/index.html.erb:16
  Rendered users/index.html.erb within layouts/application (Duration: 1.6ms | Allocations: 1023)
[Webpacker] Everything's up-to-date. Nothing to do
Completed 200 OK in 6ms (Views: 5.2ms | ActiveRecord: 0.1ms | Allocations: 4445)


Started GET "/vi/users" for ::1 at 2020-10-20 11:00:22 +0700
Processing by UsersController#index as HTML
  Parameters: {"locale"=>"vi"}
  Rendering users/index.html.erb within layouts/application
  [1m[36mUser Load (0.1ms)[0m  [1m[34mSELECT "users".* FROM "users"[0m
  ↳ app/views/users/index.html.erb:16
  Rendered users/index.html.erb within layouts/application (Duration: 1.5ms | Allocations: 1022)
[Webpacker] Everything's up-to-date. Nothing to do
Completed 200 OK in 6ms (Views: 5.0ms | ActiveRecord: 0.1ms | Allocations: 4423)


Started GET "/en/users" for ::1 at 2020-10-20 11:00:58 +0700
Processing by UsersController#index as HTML
  Parameters: {"locale"=>"en"}
  Rendering users/index.html.erb within layouts/application
  [1m[36mUser Load (0.1ms)[0m  [1m[34mSELECT "users".* FROM "users"[0m
  ↳ app/views/users/index.html.erb:16
  Rendered users/index.html.erb within layouts/application (Duration: 1.6ms | Allocations: 1022)
[Webpacker] Everything's up-to-date. Nothing to do
Completed 200 OK in 6ms (Views: 5.0ms | ActiveRecord: 0.1ms | Allocations: 4445)


Started GET "/vi/users" for ::1 at 2020-10-20 11:00:59 +0700
Processing by UsersController#index as HTML
  Parameters: {"locale"=>"vi"}
  Rendering users/index.html.erb within layouts/application
  [1m[36mUser Load (0.1ms)[0m  [1m[34mSELECT "users".* FROM "users"[0m
  ↳ app/views/users/index.html.erb:16
  Rendered users/index.html.erb within layouts/application (Duration: 1.5ms | Allocations: 1022)
[Webpacker] Everything's up-to-date. Nothing to do
Completed 200 OK in 6ms (Views: 5.0ms | ActiveRecord: 0.1ms | Allocations: 4435)


Started GET "/en/users" for ::1 at 2020-10-20 11:01:00 +0700
Processing by UsersController#index as HTML
  Parameters: {"locale"=>"en"}
  Rendering users/index.html.erb within layouts/application
  [1m[36mUser Load (0.1ms)[0m  [1m[34mSELECT "users".* FROM "users"[0m
  ↳ app/views/users/index.html.erb:16
  Rendered users/index.html.erb within layouts/application (Duration: 1.6ms | Allocations: 1022)
[Webpacker] Everything's up-to-date. Nothing to do
Completed 200 OK in 6ms (Views: 5.3ms | ActiveRecord: 0.1ms | Allocations: 4433)


Started GET "/vi/users" for ::1 at 2020-10-20 11:01:00 +0700
Processing by UsersController#index as HTML
  Parameters: {"locale"=>"vi"}
  Rendering users/index.html.erb within layouts/application
  [1m[36mUser Load (0.1ms)[0m  [1m[34mSELECT "users".* FROM "users"[0m
  ↳ app/views/users/index.html.erb:16
  Rendered users/index.html.erb within layouts/application (Duration: 1.6ms | Allocations: 1022)
[Webpacker] Everything's up-to-date. Nothing to do
Completed 200 OK in 6ms (Views: 5.2ms | ActiveRecord: 0.1ms | Allocations: 4440)


Started GET "/en/users" for ::1 at 2020-10-20 11:01:01 +0700
Processing by UsersController#index as HTML
  Parameters: {"locale"=>"en"}
  Rendering users/index.html.erb within layouts/application
  [1m[36mUser Load (0.1ms)[0m  [1m[34mSELECT "users".* FROM "users"[0m
  ↳ app/views/users/index.html.erb:16
  Rendered users/index.html.erb within layouts/application (Duration: 1.7ms | Allocations: 1022)
[Webpacker] Everything's up-to-date. Nothing to do
Completed 200 OK in 6ms (Views: 5.1ms | ActiveRecord: 0.1ms | Allocations: 4441)


Started GET "/en/users/new" for ::1 at 2020-10-20 11:01:02 +0700
Processing by UsersController#new as HTML
  Parameters: {"locale"=>"en"}
  Rendering users/new.html.erb within layouts/application
  Rendered users/_form.html.erb (Duration: 1.3ms | Allocations: 701)
  Rendered users/new.html.erb within layouts/application (Duration: 1.8ms | Allocations: 915)
[Webpacker] Everything's up-to-date. Nothing to do
Completed 200 OK in 7ms (Views: 5.8ms | ActiveRecord: 0.0ms | Allocations: 4440)


Started GET "/en/users" for ::1 at 2020-10-20 11:01:04 +0700
Processing by UsersController#index as HTML
  Parameters: {"locale"=>"en"}
  Rendering users/index.html.erb within layouts/application
  [1m[36mUser Load (0.1ms)[0m  [1m[34mSELECT "users".* FROM "users"[0m
  ↳ app/views/users/index.html.erb:16
  Rendered users/index.html.erb within layouts/application (Duration: 1.4ms | Allocations: 1022)
[Webpacker] Everything's up-to-date. Nothing to do
Completed 200 OK in 5ms (Views: 4.5ms | ActiveRecord: 0.1ms | Allocations: 4437)


Started GET "/vi/users" for ::1 at 2020-10-20 11:01:08 +0700
Processing by UsersController#index as HTML
  Parameters: {"locale"=>"vi"}
  Rendering users/index.html.erb within layouts/application
  [1m[36mUser Load (0.1ms)[0m  [1m[34mSELECT "users".* FROM "users"[0m
  ↳ app/views/users/index.html.erb:16
  Rendered users/index.html.erb within layouts/application (Duration: 1.7ms | Allocations: 1022)
[Webpacker] Everything's up-to-date. Nothing to do
Completed 200 OK in 6ms (Views: 5.5ms | ActiveRecord: 0.1ms | Allocations: 4441)


Started GET "/vi/users/new" for ::1 at 2020-10-20 11:01:09 +0700
Processing by UsersController#new as HTML
  Parameters: {"locale"=>"vi"}
  Rendering users/new.html.erb within layouts/application
  Rendered users/_form.html.erb (Duration: 1.4ms | Allocations: 698)
  Rendered users/new.html.erb within layouts/application (Duration: 1.7ms | Allocations: 804)
[Webpacker] Everything's up-to-date. Nothing to do
Completed 200 OK in 7ms (Views: 6.0ms | ActiveRecord: 0.0ms | Allocations: 4225)


Started GET "/vi/users" for ::1 at 2020-10-20 11:01:11 +0700
Processing by UsersController#index as HTML
  Parameters: {"locale"=>"vi"}
  Rendering users/index.html.erb within layouts/application
  [1m[36mUser Load (0.1ms)[0m  [1m[34mSELECT "users".* FROM "users"[0m
  ↳ app/views/users/index.html.erb:16
  Rendered users/index.html.erb within layouts/application (Duration: 1.7ms | Allocations: 1022)
[Webpacker] Everything's up-to-date. Nothing to do
Completed 200 OK in 6ms (Views: 5.5ms | ActiveRecord: 0.1ms | Allocations: 4429)


Started GET "/vi/users/index" for ::1 at 2020-10-20 11:06:22 +0700
  [1m[35m (0.1ms)[0m  [1m[34mSELECT sqlite_version(*)[0m
Processing by UsersController#show as HTML
  Parameters: {"locale"=>"vi", "id"=>"index"}
  [1m[36mUser Load (351.7ms)[0m  [1m[34mSELECT "users".* FROM "users" WHERE "users"."id" = ? LIMIT ?[0m  [["id", nil], ["LIMIT", 1]]
  ↳ app/controllers/users_controller.rb:67:in `set_user'
Completed 404 Not Found in 389ms (ActiveRecord: 351.7ms | Allocations: 1128)


  
ActiveRecord::RecordNotFound (Couldn't find User with 'id'=index):
  
app/controllers/users_controller.rb:67:in `set_user'
Started GET "/en/users" for ::1 at 2020-10-20 11:10:14 +0700
Processing by UsersController#index as HTML
  Parameters: {"locale"=>"en"}
  Rendering users/index.html.erb within layouts/application
  [1m[36mUser Load (0.2ms)[0m  [1m[34mSELECT "users".* FROM "users"[0m
  ↳ app/views/users/index.html.erb:16
  Rendered users/index.html.erb within layouts/application (Duration: 15.0ms | Allocations: 1345)
[Webpacker] Everything's up-to-date. Nothing to do
Completed 200 OK in 234ms (Views: 232.2ms | ActiveRecord: 0.2ms | Allocations: 5740)


Started GET "/vi/users" for ::1 at 2020-10-20 11:10:14 +0700
Processing by UsersController#index as HTML
  Parameters: {"locale"=>"vi"}
  Rendering users/index.html.erb within layouts/application
  [1m[36mUser Load (0.1ms)[0m  [1m[34mSELECT "users".* FROM "users"[0m
  ↳ app/views/users/index.html.erb:16
  Rendered users/index.html.erb within layouts/application (Duration: 2.0ms | Allocations: 1033)
[Webpacker] Everything's up-to-date. Nothing to do
Completed 200 OK in 7ms (Views: 6.3ms | ActiveRecord: 0.1ms | Allocations: 4980)


Started GET "/en/users" for ::1 at 2020-10-20 11:10:15 +0700
Processing by UsersController#index as HTML
  Parameters: {"locale"=>"en"}
  Rendering users/index.html.erb within layouts/application
  [1m[36mUser Load (0.1ms)[0m  [1m[34mSELECT "users".* FROM "users"[0m
  ↳ app/views/users/index.html.erb:16
  Rendered users/index.html.erb within layouts/application (Duration: 1.6ms | Allocations: 1022)
[Webpacker] Everything's up-to-date. Nothing to do
Completed 200 OK in 6ms (Views: 5.5ms | ActiveRecord: 0.1ms | Allocations: 4433)


Started GET "/vi/users" for ::1 at 2020-10-20 11:10:16 +0700
Processing by UsersController#index as HTML
  Parameters: {"locale"=>"vi"}
  Rendering users/index.html.erb within layouts/application
  [1m[36mUser Load (0.1ms)[0m  [1m[34mSELECT "users".* FROM "users"[0m
  ↳ app/views/users/index.html.erb:16
  Rendered users/index.html.erb within layouts/application (Duration: 1.7ms | Allocations: 1022)
[Webpacker] Everything's up-to-date. Nothing to do
Completed 200 OK in 7ms (Views: 5.8ms | ActiveRecord: 0.1ms | Allocations: 4439)


Started GET "/en/users" for ::1 at 2020-10-20 11:10:17 +0700
Processing by UsersController#index as HTML
  Parameters: {"locale"=>"en"}
  Rendering users/index.html.erb within layouts/application
  [1m[36mUser Load (0.1ms)[0m  [1m[34mSELECT "users".* FROM "users"[0m
  ↳ app/views/users/index.html.erb:16
  Rendered users/index.html.erb within layouts/application (Duration: 1.6ms | Allocations: 1022)
[Webpacker] Everything's up-to-date. Nothing to do
Completed 200 OK in 7ms (Views: 6.0ms | ActiveRecord: 0.1ms | Allocations: 4435)


Started GET "/vi/users" for ::1 at 2020-10-20 11:10:18 +0700
Processing by UsersController#index as HTML
  Parameters: {"locale"=>"vi"}
  Rendering users/index.html.erb within layouts/application
  [1m[36mUser Load (0.1ms)[0m  [1m[34mSELECT "users".* FROM "users"[0m
  ↳ app/views/users/index.html.erb:16
  Rendered users/index.html.erb within layouts/application (Duration: 1.5ms | Allocations: 1022)
[Webpacker] Everything's up-to-date. Nothing to do
Completed 200 OK in 6ms (Views: 4.9ms | ActiveRecord: 0.1ms | Allocations: 4439)


Started GET "/en/users" for ::1 at 2020-10-20 11:10:19 +0700
Processing by UsersController#index as HTML
  Parameters: {"locale"=>"en"}
  Rendering users/index.html.erb within layouts/application
  [1m[36mUser Load (0.1ms)[0m  [1m[34mSELECT "users".* FROM "users"[0m
  ↳ app/views/users/index.html.erb:16
  Rendered users/index.html.erb within layouts/application (Duration: 1.6ms | Allocations: 1022)
[Webpacker] Everything's up-to-date. Nothing to do
Completed 200 OK in 6ms (Views: 5.5ms | ActiveRecord: 0.1ms | Allocations: 4429)


Started GET "/en/users/1" for ::1 at 2020-10-20 11:30:06 +0700
  [1m[35m (0.1ms)[0m  [1m[34mSELECT sqlite_version(*)[0m
Processing by UsersController#show as HTML
  Parameters: {"locale"=>"en", "id"=>"1"}
  [1m[36mUser Load (0.3ms)[0m  [1m[34mSELECT "users".* FROM "users" WHERE "users"."id" = ? LIMIT ?[0m  [["id", 1], ["LIMIT", 1]]
  ↳ app/controllers/users_controller.rb:67:in `set_user'
  Rendering users/show.html.erb within layouts/application
  Rendered users/show.html.erb within layouts/application (Duration: 19.8ms | Allocations: 296)
[Webpacker] Everything's up-to-date. Nothing to do
Completed 200 OK in 60ms (Views: 23.7ms | ActiveRecord: 0.3ms | Allocations: 4383)


Started GET "/en/users" for ::1 at 2020-10-20 11:30:09 +0700
Processing by UsersController#index as HTML
  Parameters: {"locale"=>"en"}
  Rendering users/index.html.erb within layouts/application
  [1m[36mUser Load (0.2ms)[0m  [1m[34mSELECT "users".* FROM "users"[0m
  ↳ app/views/users/index.html.erb:16
  Rendered users/index.html.erb within layouts/application (Duration: 1.9ms | Allocations: 1045)
[Webpacker] Everything's up-to-date. Nothing to do
Completed 200 OK in 6ms (Views: 5.4ms | ActiveRecord: 0.2ms | Allocations: 4455)


Started GET "/vi/users" for ::1 at 2020-10-20 11:30:11 +0700
Processing by UsersController#index as HTML
  Parameters: {"locale"=>"vi"}
  Rendering users/index.html.erb within layouts/application
  [1m[36mUser Load (0.1ms)[0m  [1m[34mSELECT "users".* FROM "users"[0m
  ↳ app/views/users/index.html.erb:16
  Rendered users/index.html.erb within layouts/application (Duration: 1.7ms | Allocations: 1022)
[Webpacker] Everything's up-to-date. Nothing to do
Completed 200 OK in 7ms (Views: 6.1ms | ActiveRecord: 0.1ms | Allocations: 4441)


Started GET "/vi/users/1" for ::1 at 2020-10-20 11:30:14 +0700
Processing by UsersController#show as HTML
  Parameters: {"locale"=>"vi", "id"=>"1"}
  [1m[36mUser Load (0.1ms)[0m  [1m[34mSELECT "users".* FROM "users" WHERE "users"."id" = ? LIMIT ?[0m  [["id", 1], ["LIMIT", 1]]
  ↳ app/controllers/users_controller.rb:67:in `set_user'
  Rendering users/show.html.erb within layouts/application
  Rendered users/show.html.erb within layouts/application (Duration: 0.3ms | Allocations: 133)
[Webpacker] Everything's up-to-date. Nothing to do
Completed 200 OK in 6ms (Views: 4.6ms | ActiveRecord: 0.1ms | Allocations: 4177)


Started GET "/vi/users" for ::1 at 2020-10-20 11:30:17 +0700
Processing by UsersController#index as HTML
  Parameters: {"locale"=>"vi"}
  Rendering users/index.html.erb within layouts/application
  [1m[36mUser Load (0.1ms)[0m  [1m[34mSELECT "users".* FROM "users"[0m
  ↳ app/views/users/index.html.erb:16
  Rendered users/index.html.erb within layouts/application (Duration: 1.7ms | Allocations: 1022)
[Webpacker] Everything's up-to-date. Nothing to do
Completed 200 OK in 7ms (Views: 5.8ms | ActiveRecord: 0.1ms | Allocations: 4437)


Started GET "/vi/users" for ::1 at 2020-10-20 11:36:59 +0700
  [1m[35m (0.6ms)[0m  [1m[34mSELECT sqlite_version(*)[0m
  [1m[35m (0.2ms)[0m  [1m[34mSELECT "schema_migrations"."version" FROM "schema_migrations" ORDER BY "schema_migrations"."version" ASC[0m
Processing by UsersController#index as HTML
  Parameters: {"locale"=>"vi"}
  Rendering users/index.html.erb within layouts/application
  [1m[36mUser Load (0.2ms)[0m  [1m[34mSELECT "users".* FROM "users"[0m
  ↳ app/views/users/index.html.erb:16
  Rendered users/index.html.erb within layouts/application (Duration: 224.0ms | Allocations: 8681)
[Webpacker] Everything's up-to-date. Nothing to do
Completed 200 OK in 348ms (Views: 305.7ms | ActiveRecord: 0.7ms | Allocations: 16266)


Started GET "/vi/users" for ::1 at 2020-10-20 11:37:03 +0700
Processing by UsersController#index as HTML
  Parameters: {"locale"=>"vi"}
  Rendering users/index.html.erb within layouts/application
  [1m[36mUser Load (0.1ms)[0m  [1m[34mSELECT "users".* FROM "users"[0m
  ↳ app/views/users/index.html.erb:16
  Rendered users/index.html.erb within layouts/application (Duration: 1.9ms | Allocations: 1066)
[Webpacker] Everything's up-to-date. Nothing to do
Completed 200 OK in 7ms (Views: 6.0ms | ActiveRecord: 0.1ms | Allocations: 4496)


Started GET "/vi/users/1" for ::1 at 2020-10-20 11:37:04 +0700
Processing by UsersController#show as HTML
  Parameters: {"locale"=>"vi", "id"=>"1"}
  [1m[36mUser Load (0.2ms)[0m  [1m[34mSELECT "users".* FROM "users" WHERE "users"."id" = ? LIMIT ?[0m  [["id", 1], ["LIMIT", 1]]
  ↳ app/controllers/users_controller.rb:67:in `set_user'
  Rendering users/show.html.erb within layouts/application
  Rendered users/show.html.erb within layouts/application (Duration: 0.7ms | Allocations: 306)
[Webpacker] Everything's up-to-date. Nothing to do
Completed 200 OK in 7ms (Views: 4.5ms | ActiveRecord: 0.2ms | Allocations: 4790)


Started GET "/vi/users" for ::1 at 2020-10-20 11:37:06 +0700
Processing by UsersController#index as HTML
  Parameters: {"locale"=>"vi"}
  Rendering users/index.html.erb within layouts/application
  [1m[36mUser Load (0.1ms)[0m  [1m[34mSELECT "users".* FROM "users"[0m
  ↳ app/views/users/index.html.erb:16
  Rendered users/index.html.erb within layouts/application (Duration: 1.6ms | Allocations: 1061)
[Webpacker] Everything's up-to-date. Nothing to do
Completed 200 OK in 6ms (Views: 5.1ms | ActiveRecord: 0.1ms | Allocations: 4489)


Started GET "/en/users" for ::1 at 2020-10-20 11:37:12 +0700
Processing by UsersController#index as HTML
  Parameters: {"locale"=>"en"}
  Rendering users/index.html.erb within layouts/application
  [1m[36mUser Load (0.1ms)[0m  [1m[34mSELECT "users".* FROM "users"[0m
  ↳ app/views/users/index.html.erb:16
  Rendered users/index.html.erb within layouts/application (Duration: 1.7ms | Allocations: 1059)
[Webpacker] Everything's up-to-date. Nothing to do
Completed 200 OK in 8ms (Views: 6.6ms | ActiveRecord: 0.1ms | Allocations: 4993)


Started GET "/vi/users" for ::1 at 2020-10-20 11:37:14 +0700
Processing by UsersController#index as HTML
  Parameters: {"locale"=>"vi"}
  Rendering users/index.html.erb within layouts/application
  [1m[36mUser Load (0.1ms)[0m  [1m[34mSELECT "users".* FROM "users"[0m
  ↳ app/views/users/index.html.erb:16
  Rendered users/index.html.erb within layouts/application (Duration: 1.8ms | Allocations: 1044)
[Webpacker] Everything's up-to-date. Nothing to do
Completed 200 OK in 6ms (Views: 5.6ms | ActiveRecord: 0.1ms | Allocations: 4453)


Started GET "/vi/users" for ::1 at 2020-10-20 11:37:43 +0700
Processing by UsersController#index as HTML
  Parameters: {"locale"=>"vi"}
  Rendering users/index.html.erb within layouts/application
  [1m[36mUser Load (0.1ms)[0m  [1m[34mSELECT "users".* FROM "users"[0m
  ↳ app/views/users/index.html.erb:16
  Rendered users/index.html.erb within layouts/application (Duration: 2.2ms | Allocations: 1356)
[Webpacker] Everything's up-to-date. Nothing to do
Completed 200 OK in 8ms (Views: 6.9ms | ActiveRecord: 0.1ms | Allocations: 5698)


Started GET "/en/users" for ::1 at 2020-10-20 11:38:44 +0700
Processing by UsersController#index as HTML
  Parameters: {"locale"=>"en"}
  Rendering users/index.html.erb within layouts/application
  [1m[36mUser Load (0.1ms)[0m  [1m[34mSELECT "users".* FROM "users"[0m
  ↳ app/views/users/index.html.erb:16
  Rendered users/index.html.erb within layouts/application (Duration: 1.6ms | Allocations: 1070)
[Webpacker] Everything's up-to-date. Nothing to do
Completed 200 OK in 7ms (Views: 5.8ms | ActiveRecord: 0.1ms | Allocations: 4995)


Started GET "/vi/users" for ::1 at 2020-10-20 11:38:45 +0700
Processing by UsersController#index as HTML
  Parameters: {"locale"=>"vi"}
  Rendering users/index.html.erb within layouts/application
  [1m[36mUser Load (0.1ms)[0m  [1m[34mSELECT "users".* FROM "users"[0m
  ↳ app/views/users/index.html.erb:16
  Rendered users/index.html.erb within layouts/application (Duration: 1.7ms | Allocations: 1059)
[Webpacker] Everything's up-to-date. Nothing to do
Completed 200 OK in 7ms (Views: 5.9ms | ActiveRecord: 0.1ms | Allocations: 4466)


Started GET "/en/users" for ::1 at 2020-10-20 11:38:45 +0700
Processing by UsersController#index as HTML
  Parameters: {"locale"=>"en"}
  Rendering users/index.html.erb within layouts/application
  [1m[36mUser Load (0.1ms)[0m  [1m[34mSELECT "users".* FROM "users"[0m
  ↳ app/views/users/index.html.erb:16
  Rendered users/index.html.erb within layouts/application (Duration: 1.8ms | Allocations: 1060)
[Webpacker] Everything's up-to-date. Nothing to do
Completed 200 OK in 6ms (Views: 5.4ms | ActiveRecord: 0.1ms | Allocations: 4473)


Started GET "/vi/users" for ::1 at 2020-10-20 11:38:46 +0700
Processing by UsersController#index as HTML
  Parameters: {"locale"=>"vi"}
  Rendering users/index.html.erb within layouts/application
  [1m[36mUser Load (0.1ms)[0m  [1m[34mSELECT "users".* FROM "users"[0m
  ↳ app/views/users/index.html.erb:16
  Rendered users/index.html.erb within layouts/application (Duration: 1.9ms | Allocations: 1059)
[Webpacker] Everything's up-to-date. Nothing to do
Completed 200 OK in 6ms (Views: 5.7ms | ActiveRecord: 0.1ms | Allocations: 4471)


Started GET "/" for ::1 at 2020-10-20 12:54:09 +0700
  [1m[35m (5.9ms)[0m  [1m[34mSELECT sqlite_version(*)[0m
  [1m[35m (0.3ms)[0m  [1m[34mSELECT "schema_migrations"."version" FROM "schema_migrations" ORDER BY "schema_migrations"."version" ASC[0m
Processing by Rails::WelcomeController#index as HTML
  Rendering /home/hoangha/.rvm/gems/ruby-2.7.0/gems/railties-6.0.3.4/lib/rails/templates/rails/welcome/index.html.erb
  Rendered /home/hoangha/.rvm/gems/ruby-2.7.0/gems/railties-6.0.3.4/lib/rails/templates/rails/welcome/index.html.erb (Duration: 36.6ms | Allocations: 295)
Completed 200 OK in 100ms (Views: 49.4ms | ActiveRecord: 0.0ms | Allocations: 1639)


Started GET "/vi/users" for ::1 at 2020-10-20 12:54:11 +0700
Processing by UsersController#index as HTML
  Parameters: {"locale"=>"vi"}
  Rendering users/index.html.erb within layouts/application
  [1m[36mUser Load (0.4ms)[0m  [1m[34mSELECT "users".* FROM "users"[0m
  ↳ app/views/users/index.html.erb:16
  Rendered users/index.html.erb within layouts/application (Duration: 194.6ms | Allocations: 8406)
[Webpacker] Everything's up-to-date. Nothing to do
Completed 200 OK in 346ms (Views: 294.0ms | ActiveRecord: 1.9ms | Allocations: 15257)


Started GET "/vi/users" for ::1 at 2020-10-20 12:56:32 +0700
  [1m[35m (0.1ms)[0m  [1m[34mSELECT sqlite_version(*)[0m
Processing by UsersController#index as HTML
  Parameters: {"locale"=>"vi"}
  Rendering users/index.html.erb within layouts/application
  [1m[36mUser Load (0.1ms)[0m  [1m[34mSELECT "users".* FROM "users"[0m
  ↳ app/views/users/index.html.erb:16
  Rendered users/index.html.erb within layouts/application (Duration: 37.0ms | Allocations: 8605)
[Webpacker] Everything's up-to-date. Nothing to do
Completed 200 OK in 51ms (Views: 48.1ms | ActiveRecord: 0.7ms | Allocations: 13226)


Started GET "/en/users" for ::1 at 2020-10-20 12:56:34 +0700
Processing by UsersController#index as HTML
  Parameters: {"locale"=>"en"}
  Rendering users/index.html.erb within layouts/application
  [1m[36mUser Load (0.2ms)[0m  [1m[34mSELECT "users".* FROM "users"[0m
  ↳ app/views/users/index.html.erb:16
  Rendered users/index.html.erb within layouts/application (Duration: 5.1ms | Allocations: 1982)
[Webpacker] Everything's up-to-date. Nothing to do
Completed 200 OK in 19ms (Views: 16.5ms | ActiveRecord: 0.2ms | Allocations: 5812)


Started GET "/vi/users" for ::1 at 2020-10-20 12:56:35 +0700
Processing by UsersController#index as HTML
  Parameters: {"locale"=>"vi"}
  Rendering users/index.html.erb within layouts/application
  [1m[36mUser Load (0.2ms)[0m  [1m[34mSELECT "users".* FROM "users"[0m
  ↳ app/views/users/index.html.erb:16
  Rendered users/index.html.erb within layouts/application (Duration: 5.3ms | Allocations: 1966)
[Webpacker] Everything's up-to-date. Nothing to do
Completed 200 OK in 18ms (Views: 15.8ms | ActiveRecord: 0.2ms | Allocations: 5288)


Started GET "/en/users" for ::1 at 2020-10-20 12:56:35 +0700
Processing by UsersController#index as HTML
  Parameters: {"locale"=>"en"}
  Rendering users/index.html.erb within layouts/application
  [1m[36mUser Load (0.2ms)[0m  [1m[34mSELECT "users".* FROM "users"[0m
  ↳ app/views/users/index.html.erb:16
  Rendered users/index.html.erb within layouts/application (Duration: 6.3ms | Allocations: 1978)
[Webpacker] Everything's up-to-date. Nothing to do
Completed 200 OK in 18ms (Views: 16.7ms | ActiveRecord: 0.2ms | Allocations: 5303)


Started GET "/vi/users" for ::1 at 2020-10-20 12:56:37 +0700
Processing by UsersController#index as HTML
  Parameters: {"locale"=>"vi"}
  Rendering users/index.html.erb within layouts/application
  [1m[36mUser Load (0.2ms)[0m  [1m[34mSELECT "users".* FROM "users"[0m
  ↳ app/views/users/index.html.erb:16
  Rendered users/index.html.erb within layouts/application (Duration: 5.2ms | Allocations: 1978)
[Webpacker] Everything's up-to-date. Nothing to do
Completed 200 OK in 17ms (Views: 15.7ms | ActiveRecord: 0.2ms | Allocations: 5303)


Started GET "/en/users" for ::1 at 2020-10-20 12:56:39 +0700
Processing by UsersController#index as HTML
  Parameters: {"locale"=>"en"}
  Rendering users/index.html.erb within layouts/application
  [1m[36mUser Load (0.1ms)[0m  [1m[34mSELECT "users".* FROM "users"[0m
  ↳ app/views/users/index.html.erb:16
  Rendered users/index.html.erb within layouts/application (Duration: 2.1ms | Allocations: 1966)
[Webpacker] Everything's up-to-date. Nothing to do
Completed 200 OK in 6ms (Views: 5.7ms | ActiveRecord: 0.1ms | Allocations: 5283)


Started GET "/en/users" for ::1 at 2020-10-20 12:57:12 +0700
  [1m[35m (0.1ms)[0m  [1m[34mSELECT sqlite_version(*)[0m
Processing by UsersController#index as HTML
  Parameters: {"locale"=>"en"}
  Rendering users/index.html.erb within layouts/application
  [1m[36mUser Load (0.1ms)[0m  [1m[34mSELECT "users".* FROM "users"[0m
  ↳ app/views/users/index.html.erb:16
  Rendered users/index.html.erb within layouts/application (Duration: 9.1ms | Allocations: 7419)
[Webpacker] Everything's up-to-date. Nothing to do
Completed 200 OK in 15ms (Views: 12.7ms | ActiveRecord: 0.6ms | Allocations: 11323)


Started GET "/vi/users" for ::1 at 2020-10-20 12:57:16 +0700
Processing by UsersController#index as HTML
  Parameters: {"locale"=>"vi"}
  Rendering users/index.html.erb within layouts/application
  [1m[36mUser Load (0.1ms)[0m  [1m[34mSELECT "users".* FROM "users"[0m
  ↳ app/views/users/index.html.erb:16
  Rendered users/index.html.erb within layouts/application (Duration: 2.4ms | Allocations: 1059)
[Webpacker] Everything's up-to-date. Nothing to do
Completed 200 OK in 14ms (Views: 13.5ms | ActiveRecord: 0.1ms | Allocations: 4489)


Started GET "/en/users" for ::1 at 2020-10-20 12:57:18 +0700
Processing by UsersController#index as HTML
  Parameters: {"locale"=>"en"}
  Rendering users/index.html.erb within layouts/application
  [1m[36mUser Load (0.1ms)[0m  [1m[34mSELECT "users".* FROM "users"[0m
  ↳ app/views/users/index.html.erb:16
  Rendered users/index.html.erb within layouts/application (Duration: 1.6ms | Allocations: 1059)
[Webpacker] Everything's up-to-date. Nothing to do
Completed 200 OK in 6ms (Views: 5.3ms | ActiveRecord: 0.1ms | Allocations: 4471)


Started GET "/en/users" for ::1 at 2020-10-20 12:57:19 +0700
Processing by UsersController#index as HTML
  Parameters: {"locale"=>"en"}
  Rendering users/index.html.erb within layouts/application
  [1m[36mUser Load (0.2ms)[0m  [1m[34mSELECT "users".* FROM "users"[0m
  ↳ app/views/users/index.html.erb:16
  Rendered users/index.html.erb within layouts/application (Duration: 4.5ms | Allocations: 1059)
[Webpacker] Everything's up-to-date. Nothing to do
Completed 200 OK in 17ms (Views: 14.9ms | ActiveRecord: 0.2ms | Allocations: 4473)


Started GET "/vi/users" for ::1 at 2020-10-20 12:57:20 +0700
Processing by UsersController#index as HTML
  Parameters: {"locale"=>"vi"}
  Rendering users/index.html.erb within layouts/application
  [1m[36mUser Load (0.2ms)[0m  [1m[34mSELECT "users".* FROM "users"[0m
  ↳ app/views/users/index.html.erb:16
  Rendered users/index.html.erb within layouts/application (Duration: 4.8ms | Allocations: 1059)
[Webpacker] Everything's up-to-date. Nothing to do
Completed 200 OK in 17ms (Views: 15.2ms | ActiveRecord: 0.2ms | Allocations: 4468)


Started GET "/en/users" for ::1 at 2020-10-20 12:57:21 +0700
Processing by UsersController#index as HTML
  Parameters: {"locale"=>"en"}
  Rendering users/index.html.erb within layouts/application
  [1m[36mUser Load (0.1ms)[0m  [1m[34mSELECT "users".* FROM "users"[0m
  ↳ app/views/users/index.html.erb:16
  Rendered users/index.html.erb within layouts/application (Duration: 1.7ms | Allocations: 1059)
[Webpacker] Everything's up-to-date. Nothing to do
Completed 200 OK in 6ms (Views: 5.3ms | ActiveRecord: 0.1ms | Allocations: 4482)


Started GET "/vi/users" for ::1 at 2020-10-20 12:57:21 +0700
Processing by UsersController#index as HTML
  Parameters: {"locale"=>"vi"}
  Rendering users/index.html.erb within layouts/application
  [1m[36mUser Load (0.2ms)[0m  [1m[34mSELECT "users".* FROM "users"[0m
  ↳ app/views/users/index.html.erb:16
  Rendered users/index.html.erb within layouts/application (Duration: 2.0ms | Allocations: 1059)
[Webpacker] Everything's up-to-date. Nothing to do
Completed 200 OK in 7ms (Views: 5.8ms | ActiveRecord: 0.2ms | Allocations: 4475)


Started GET "/vi/users" for ::1 at 2020-10-20 13:00:01 +0700
Processing by UsersController#index as HTML
  Parameters: {"locale"=>"vi"}
  Rendering users/index.html.erb within layouts/application
  [1m[36mUser Load (0.1ms)[0m  [1m[34mSELECT "users".* FROM "users"[0m
  ↳ app/views/users/index.html.erb:16
  Rendered users/index.html.erb within layouts/application (Duration: 39.6ms | Allocations: 4253)
Completed 500 Internal Server Error in 42ms (ActiveRecord: 0.1ms | Allocations: 5449)


  
ActionView::Template::Error (wrong number of arguments (given 2, expected 1)):
    17:       <tr>
    18:         <td><%= t ".name" %></td>
    19:         <td><%= t ".email" %></td>
    20:         <td><%= link_to t ".show", user %></td>
    21:         <td><%= link_to 'Edit', edit_user_path(user) %></td>
    22:         <td><%= link_to 'Destroy', user, method: :delete, data: { confirm: 'Are you sure?' } %></td>
    23:       </tr>
  
app/views/users/index.html.erb:20
app/views/users/index.html.erb:16
Started GET "/vi/users" for ::1 at 2020-10-20 13:00:33 +0700
Processing by UsersController#index as HTML
  Parameters: {"locale"=>"vi"}
  Rendering users/index.html.erb within layouts/application
  [1m[36mUser Load (0.3ms)[0m  [1m[34mSELECT "users".* FROM "users"[0m
  ↳ app/views/users/index.html.erb:16
  Rendered users/index.html.erb within layouts/application (Duration: 6.3ms | Allocations: 2014)
Completed 500 Internal Server Error in 13ms (ActiveRecord: 0.3ms | Allocations: 3238)


  
ActionView::Template::Error (wrong number of arguments (given 2, expected 1)):
    17:       <tr>
    18:         <td><%= t ".name" %></td>
    19:         <td><%= t ".email" %></td>
    20:         <td><%= link_to t ".show" 'Show', user %></td>
    21:         <td><%= link_to 'Edit', edit_user_path(user) %></td>
    22:         <td><%= link_to 'Destroy', user, method: :delete, data: { confirm: 'Are you sure?' } %></td>
    23:       </tr>
  
app/views/users/index.html.erb:20
app/views/users/index.html.erb:16
Started GET "/vi/users" for ::1 at 2020-10-20 13:00:56 +0700
Processing by UsersController#index as HTML
  Parameters: {"locale"=>"vi"}
  Rendering users/index.html.erb within layouts/application
  Rendered users/index.html.erb within layouts/application (Duration: 2.0ms | Allocations: 1188)
Completed 500 Internal Server Error in 7ms (ActiveRecord: 0.0ms | Allocations: 2381)


  
ActionView::SyntaxErrorInTemplate (Encountered a syntax error while rendering template: check <p id="notice"><%= notice %></p>

<h1>Users</h1>

<table>
  <thead>
    <tr>
      <th>Name</th>
      <th>Email</th>
      <th colspan="3"></th>
    </tr>
  </thead>
    <%= link_to "English", locale:"en" %>
    <%= link_to "Vietnamese", locale:"vi" %>
  <tbody>
    <% @users.each do |user| %>
      <tr>
        <td><%= t ".name" %></td>
        <td><%= t ".email" %></td>
        <td><%= t ".show" link_to 'Show', user %></td>
        <td><%= link_to 'Edit', edit_user_path(user) %></td>
        <td><%= link_to 'Destroy', user, method: :delete, data: { confirm: 'Are you sure?' } %></td>
      </tr>
    <% end %>
  </tbody>
</table>

<br>

<%= link_to 'New User', new_user_path %>

):
1:    <p id="notice"><%= notice %></p>
2:    
3:    <h1>Users</h1>
4:    
5:    <table>
6:      <thead>
7:        <tr>
8:          <th>Name</th>
9:          <th>Email</th>
10:          <th colspan="3"></th>
11:        </tr>
12:      </thead>
13:        <%= link_to "English", locale:"en" %>
14:        <%= link_to "Vietnamese", locale:"vi" %>
15:      <tbody>
16:        <% @users.each do |user| %>
17:          <tr>
18:            <td><%= t ".name" %></td>
19:            <td><%= t ".email" %></td>
20:            <td><%= t ".show" link_to 'Show', user %></td>
21:            <td><%= link_to 'Edit', edit_user_path(user) %></td>
22:            <td><%= link_to 'Destroy', user, method: :delete, data: { confirm: 'Are you sure?' } %></td>
23:          </tr>
24:        <% end %>
25:      </tbody>
26:    </table>
27:    
28:    <br>
29:    
30:    <%= link_to 'New User', new_user_path %>
  
app/views/users/index.html.erb:20: syntax error, unexpected local variable or method, expecting ')'
app/views/users/index.html.erb:20: syntax error, unexpected local variable or method, expecting ')'
app/views/users/index.html.erb:20: syntax error, unexpected local variable or method, expecting ')'
app/views/users/index.html.erb:20: syntax error, unexpected local variable or method, expecting ')'
app/views/users/index.html.erb:20: syntax error, unexpected local variable or method, expecting ')'
app/views/users/index.html.erb:20: syntax error, unexpected local variable or method, expecting ')'
Started GET "/vi/users" for ::1 at 2020-10-20 13:01:08 +0700
Processing by UsersController#index as HTML
  Parameters: {"locale"=>"vi"}
  Rendering users/index.html.erb within layouts/application
  [1m[36mUser Load (0.1ms)[0m  [1m[34mSELECT "users".* FROM "users"[0m
  ↳ app/views/users/index.html.erb:16
  Rendered users/index.html.erb within layouts/application (Duration: 2.5ms | Allocations: 1352)
[Webpacker] Everything's up-to-date. Nothing to do
Completed 200 OK in 10ms (Views: 9.2ms | ActiveRecord: 0.1ms | Allocations: 5723)


Started GET "/vi/users" for ::1 at 2020-10-20 13:03:18 +0700
Processing by UsersController#index as HTML
  Parameters: {"locale"=>"vi"}
  Rendering users/index.html.erb within layouts/application
  [1m[36mUser Load (0.1ms)[0m  [1m[34mSELECT "users".* FROM "users"[0m
  ↳ app/views/users/index.html.erb:16
  Rendered users/index.html.erb within layouts/application (Duration: 2.4ms | Allocations: 1385)
[Webpacker] Everything's up-to-date. Nothing to do
Completed 200 OK in 8ms (Views: 7.1ms | ActiveRecord: 0.1ms | Allocations: 5710)


Started GET "/vi/users" for ::1 at 2020-10-20 13:03:20 +0700
Processing by UsersController#index as HTML
  Parameters: {"locale"=>"vi"}
  Rendering users/index.html.erb within layouts/application
  [1m[36mUser Load (0.2ms)[0m  [1m[34mSELECT "users".* FROM "users"[0m
  ↳ app/views/users/index.html.erb:16
  Rendered users/index.html.erb within layouts/application (Duration: 4.9ms | Allocations: 1088)
[Webpacker] Everything's up-to-date. Nothing to do
Completed 200 OK in 19ms (Views: 17.1ms | ActiveRecord: 0.2ms | Allocations: 4500)


Started GET "/en/users" for ::1 at 2020-10-20 13:03:20 +0700
Processing by UsersController#index as HTML
  Parameters: {"locale"=>"en"}
  Rendering users/index.html.erb within layouts/application
  [1m[36mUser Load (0.1ms)[0m  [1m[34mSELECT "users".* FROM "users"[0m
  ↳ app/views/users/index.html.erb:16
  Rendered users/index.html.erb within layouts/application (Duration: 1.8ms | Allocations: 1077)
[Webpacker] Everything's up-to-date. Nothing to do
Completed 200 OK in 9ms (Views: 8.5ms | ActiveRecord: 0.1ms | Allocations: 5017)


Started GET "/vi/users" for ::1 at 2020-10-20 13:03:21 +0700
Processing by UsersController#index as HTML
  Parameters: {"locale"=>"vi"}
  Rendering users/index.html.erb within layouts/application
  [1m[36mUser Load (0.2ms)[0m  [1m[34mSELECT "users".* FROM "users"[0m
  ↳ app/views/users/index.html.erb:16
  Rendered users/index.html.erb within layouts/application (Duration: 4.8ms | Allocations: 1077)
[Webpacker] Everything's up-to-date. Nothing to do
Completed 200 OK in 17ms (Views: 15.1ms | ActiveRecord: 0.2ms | Allocations: 4486)


Started GET "/en/users" for ::1 at 2020-10-20 13:03:23 +0700
Processing by UsersController#index as HTML
  Parameters: {"locale"=>"en"}
  Rendering users/index.html.erb within layouts/application
  [1m[36mUser Load (0.3ms)[0m  [1m[34mSELECT "users".* FROM "users"[0m
  ↳ app/views/users/index.html.erb:16
  Rendered users/index.html.erb within layouts/application (Duration: 4.8ms | Allocations: 1077)
[Webpacker] Everything's up-to-date. Nothing to do
Completed 200 OK in 17ms (Views: 15.6ms | ActiveRecord: 0.3ms | Allocations: 4492)


Started GET "/vi/users" for ::1 at 2020-10-20 13:03:24 +0700
Processing by UsersController#index as HTML
  Parameters: {"locale"=>"vi"}
  Rendering users/index.html.erb within layouts/application
  [1m[36mUser Load (0.3ms)[0m  [1m[34mSELECT "users".* FROM "users"[0m
  ↳ app/views/users/index.html.erb:16
  Rendered users/index.html.erb within layouts/application (Duration: 5.8ms | Allocations: 1077)
[Webpacker] Everything's up-to-date. Nothing to do
Completed 200 OK in 20ms (Views: 17.8ms | ActiveRecord: 0.3ms | Allocations: 4492)


Started GET "/en/users" for ::1 at 2020-10-20 13:03:25 +0700
Processing by UsersController#index as HTML
  Parameters: {"locale"=>"en"}
  Rendering users/index.html.erb within layouts/application
  [1m[36mUser Load (0.2ms)[0m  [1m[34mSELECT "users".* FROM "users"[0m
  ↳ app/views/users/index.html.erb:16
  Rendered users/index.html.erb within layouts/application (Duration: 4.3ms | Allocations: 1077)
[Webpacker] Everything's up-to-date. Nothing to do
Completed 200 OK in 17ms (Views: 15.3ms | ActiveRecord: 0.2ms | Allocations: 4488)


Started GET "/en/users" for ::1 at 2020-10-20 13:04:24 +0700
  [1m[35m (0.1ms)[0m  [1m[34mSELECT sqlite_version(*)[0m
Processing by UsersController#index as HTML
  Parameters: {"locale"=>"en"}
  Rendering users/index.html.erb within layouts/application
  [1m[36mUser Load (0.2ms)[0m  [1m[34mSELECT "users".* FROM "users"[0m
  ↳ app/views/users/index.html.erb:16
  Rendered users/index.html.erb within layouts/application (Duration: 9.8ms | Allocations: 7742)
[Webpacker] Everything's up-to-date. Nothing to do
Completed 200 OK in 16ms (Views: 13.9ms | ActiveRecord: 0.6ms | Allocations: 12400)


Started GET "/vi/users" for ::1 at 2020-10-20 13:04:26 +0700
Processing by UsersController#index as HTML
  Parameters: {"locale"=>"vi"}
  Rendering users/index.html.erb within layouts/application
  [1m[36mUser Load (0.1ms)[0m  [1m[34mSELECT "users".* FROM "users"[0m
  ↳ app/views/users/index.html.erb:16
  Rendered users/index.html.erb within layouts/application (Duration: 1.8ms | Allocations: 1104)
[Webpacker] Everything's up-to-date. Nothing to do
Completed 200 OK in 7ms (Views: 5.9ms | ActiveRecord: 0.1ms | Allocations: 5054)


Started GET "/en/users" for ::1 at 2020-10-20 13:04:28 +0700
Processing by UsersController#index as HTML
  Parameters: {"locale"=>"en"}
  Rendering users/index.html.erb within layouts/application
  [1m[36mUser Load (0.2ms)[0m  [1m[34mSELECT "users".* FROM "users"[0m
  ↳ app/views/users/index.html.erb:16
  Rendered users/index.html.erb within layouts/application (Duration: 4.6ms | Allocations: 1093)
[Webpacker] Everything's up-to-date. Nothing to do
Completed 200 OK in 19ms (Views: 17.8ms | ActiveRecord: 0.2ms | Allocations: 4507)


Started GET "/vi/users" for ::1 at 2020-10-20 13:04:29 +0700
Processing by UsersController#index as HTML
  Parameters: {"locale"=>"vi"}
  Rendering users/index.html.erb within layouts/application
  [1m[36mUser Load (0.1ms)[0m  [1m[34mSELECT "users".* FROM "users"[0m
  ↳ app/views/users/index.html.erb:16
  Rendered users/index.html.erb within layouts/application (Duration: 1.7ms | Allocations: 1093)
[Webpacker] Everything's up-to-date. Nothing to do
Completed 200 OK in 6ms (Views: 5.3ms | ActiveRecord: 0.1ms | Allocations: 4506)


Started GET "/vi/users" for ::1 at 2020-10-20 13:04:31 +0700
Processing by UsersController#index as HTML
  Parameters: {"locale"=>"vi"}
  Rendering users/index.html.erb within layouts/application
  [1m[36mUser Load (0.2ms)[0m  [1m[34mSELECT "users".* FROM "users"[0m
  ↳ app/views/users/index.html.erb:16
  Rendered users/index.html.erb within layouts/application (Duration: 5.3ms | Allocations: 1093)
[Webpacker] Everything's up-to-date. Nothing to do
Completed 200 OK in 18ms (Views: 16.1ms | ActiveRecord: 0.2ms | Allocations: 4504)


Started GET "/en/users" for ::1 at 2020-10-20 13:04:32 +0700
Processing by UsersController#index as HTML
  Parameters: {"locale"=>"en"}
  Rendering users/index.html.erb within layouts/application
  [1m[36mUser Load (0.3ms)[0m  [1m[34mSELECT "users".* FROM "users"[0m
  ↳ app/views/users/index.html.erb:16
  Rendered users/index.html.erb within layouts/application (Duration: 4.6ms | Allocations: 1093)
[Webpacker] Everything's up-to-date. Nothing to do
Completed 200 OK in 16ms (Views: 14.8ms | ActiveRecord: 0.3ms | Allocations: 4518)


Started GET "/vi/users" for ::1 at 2020-10-20 13:04:33 +0700
Processing by UsersController#index as HTML
  Parameters: {"locale"=>"vi"}
  Rendering users/index.html.erb within layouts/application
  [1m[36mUser Load (0.1ms)[0m  [1m[34mSELECT "users".* FROM "users"[0m
  ↳ app/views/users/index.html.erb:16
  Rendered users/index.html.erb within layouts/application (Duration: 1.9ms | Allocations: 1093)
[Webpacker] Everything's up-to-date. Nothing to do
Completed 200 OK in 7ms (Views: 5.9ms | ActiveRecord: 0.1ms | Allocations: 4506)


Started GET "/vi/users" for ::1 at 2020-10-20 13:04:53 +0700
Processing by UsersController#index as HTML
  Parameters: {"locale"=>"vi"}
  Rendering users/index.html.erb within layouts/application
  [1m[36mUser Load (0.1ms)[0m  [1m[34mSELECT "users".* FROM "users"[0m
  ↳ app/views/users/index.html.erb:16
  Rendered users/index.html.erb within layouts/application (Duration: 2.4ms | Allocations: 2055)
Completed 500 Internal Server Error in 4ms (ActiveRecord: 0.1ms | Allocations: 3243)


  
ActionView::Template::Error (wrong number of arguments (given 2, expected 1)):
    17:       <tr>
    18:         <td><%= t ".name" %></td>
    19:         <td><%= t ".email" %></td>
    20:         <td><%= link_to t ".show", user %></td>
    21:         <td><%= link_to 'Edit', edit_user_path(user) %></td>
    22:         <td><%= link_to 'Destroy', user, method: :delete, data: { confirm: 'Are you sure?' } %></td>
    23:       </tr>
  
app/views/users/index.html.erb:20
app/views/users/index.html.erb:16
Started GET "/vi/users" for ::1 at 2020-10-20 13:04:54 +0700
Processing by UsersController#index as HTML
  Parameters: {"locale"=>"vi"}
  Rendering users/index.html.erb within layouts/application
  [1m[36mUser Load (0.2ms)[0m  [1m[34mSELECT "users".* FROM "users"[0m
  ↳ app/views/users/index.html.erb:16
  Rendered users/index.html.erb within layouts/application (Duration: 4.4ms | Allocations: 1717)
Completed 500 Internal Server Error in 7ms (ActiveRecord: 0.2ms | Allocations: 2162)


  
ActionView::Template::Error (wrong number of arguments (given 2, expected 1)):
    17:       <tr>
    18:         <td><%= t ".name" %></td>
    19:         <td><%= t ".email" %></td>
    20:         <td><%= link_to t ".show", user %></td>
    21:         <td><%= link_to 'Edit', edit_user_path(user) %></td>
    22:         <td><%= link_to 'Destroy', user, method: :delete, data: { confirm: 'Are you sure?' } %></td>
    23:       </tr>
  
app/views/users/index.html.erb:20
app/views/users/index.html.erb:16
Started GET "/vi/users" for ::1 at 2020-10-20 13:05:07 +0700
Processing by UsersController#index as HTML
  Parameters: {"locale"=>"vi"}
  Rendering users/index.html.erb within layouts/application
  [1m[36mUser Load (0.1ms)[0m  [1m[34mSELECT "users".* FROM "users"[0m
  ↳ app/views/users/index.html.erb:16
  Rendered users/index.html.erb within layouts/application (Duration: 2.1ms | Allocations: 1398)
[Webpacker] Everything's up-to-date. Nothing to do
Completed 200 OK in 8ms (Views: 7.0ms | ActiveRecord: 0.1ms | Allocations: 5740)


Started GET "/en/users" for ::1 at 2020-10-20 13:05:09 +0700
Processing by UsersController#index as HTML
  Parameters: {"locale"=>"en"}
  Rendering users/index.html.erb within layouts/application
  [1m[36mUser Load (0.2ms)[0m  [1m[34mSELECT "users".* FROM "users"[0m
  ↳ app/views/users/index.html.erb:16
  Rendered users/index.html.erb within layouts/application (Duration: 7.3ms | Allocations: 1104)
[Webpacker] Everything's up-to-date. Nothing to do
Completed 200 OK in 21ms (Views: 18.7ms | ActiveRecord: 0.2ms | Allocations: 5037)


Started GET "/vi/users" for ::1 at 2020-10-20 13:05:09 +0700
Processing by UsersController#index as HTML
  Parameters: {"locale"=>"vi"}
  Rendering users/index.html.erb within layouts/application
  [1m[36mUser Load (0.3ms)[0m  [1m[34mSELECT "users".* FROM "users"[0m
  ↳ app/views/users/index.html.erb:16
  Rendered users/index.html.erb within layouts/application (Duration: 5.5ms | Allocations: 1093)
[Webpacker] Everything's up-to-date. Nothing to do
Completed 200 OK in 16ms (Views: 13.9ms | ActiveRecord: 0.3ms | Allocations: 4502)


Started GET "/en/users" for ::1 at 2020-10-20 13:05:11 +0700
Processing by UsersController#index as HTML
  Parameters: {"locale"=>"en"}
  Rendering users/index.html.erb within layouts/application
  [1m[36mUser Load (0.2ms)[0m  [1m[34mSELECT "users".* FROM "users"[0m
  ↳ app/views/users/index.html.erb:16
  Rendered users/index.html.erb within layouts/application (Duration: 4.4ms | Allocations: 1093)
[Webpacker] Everything's up-to-date. Nothing to do
Completed 200 OK in 16ms (Views: 14.5ms | ActiveRecord: 0.2ms | Allocations: 4512)


Started GET "/vi/users" for ::1 at 2020-10-20 13:05:12 +0700
Processing by UsersController#index as HTML
  Parameters: {"locale"=>"vi"}
  Rendering users/index.html.erb within layouts/application
  [1m[36mUser Load (0.2ms)[0m  [1m[34mSELECT "users".* FROM "users"[0m
  ↳ app/views/users/index.html.erb:16
  Rendered users/index.html.erb within layouts/application (Duration: 4.9ms | Allocations: 1093)
[Webpacker] Everything's up-to-date. Nothing to do
Completed 200 OK in 17ms (Views: 15.6ms | ActiveRecord: 0.2ms | Allocations: 4508)


Started GET "/vi/users" for ::1 at 2020-10-20 13:08:10 +0700
Processing by UsersController#index as HTML
  Parameters: {"locale"=>"vi"}
  Rendering users/index.html.erb within layouts/application
  [1m[36mUser Load (0.3ms)[0m  [1m[34mSELECT "users".* FROM "users"[0m
  ↳ app/views/users/index.html.erb:16
  Rendered users/index.html.erb within layouts/application (Duration: 211.8ms | Allocations: 126653)
Completed 500 Internal Server Error in 217ms (ActiveRecord: 0.3ms | Allocations: 127851)


  
ActionView::Template::Error (undefined local variable or method `name' for #<#<Class:0x00007f39603b9430>:0x00007f39603b7a68>):
    15:   <tbody>
    16:     <% @users.each do |user| %>
    17:       <tr>
    18:         <td><%= name %></td>
    19:         <td><%= email %></td>
    20:         <td><%= link_to t(".show"), user %></td>
    21:         <td><%= link_to t(".edit"), edit_user_path(user) %></td>
  
app/views/users/index.html.erb:18
app/views/users/index.html.erb:16
Started GET "/en/users" for ::1 at 2020-10-20 13:08:34 +0700
Processing by UsersController#index as HTML
  Parameters: {"locale"=>"en"}
  Rendering users/index.html.erb within layouts/application
  [1m[36mUser Load (0.4ms)[0m  [1m[34mSELECT "users".* FROM "users"[0m
  ↳ app/views/users/index.html.erb:16
  Rendered users/index.html.erb within layouts/application (Duration: 157.2ms | Allocations: 126576)
Completed 500 Internal Server Error in 162ms (ActiveRecord: 0.4ms | Allocations: 127764)


  
ActionView::Template::Error (undefined local variable or method `name' for #<#<Class:0x00007f395c346128>:0x00007f395c344850>):
    15:   <tbody>
    16:     <% @users.each do |user| %>
    17:       <tr>
    18:         <td><%= name %></td>
    19:         <td><%= email %></td>
    20:         <td><%= link_to t(".show"), user %></td>
    21:         <td><%= link_to t(".edit"), edit_user_path(user) %></td>
  
app/views/users/index.html.erb:18
app/views/users/index.html.erb:16
Started GET "/en/users" for ::1 at 2020-10-20 13:09:00 +0700
Processing by UsersController#index as HTML
  Parameters: {"locale"=>"en"}
  Rendering users/index.html.erb within layouts/application
  [1m[36mUser Load (0.3ms)[0m  [1m[34mSELECT "users".* FROM "users"[0m
  ↳ app/views/users/index.html.erb:16
  Rendered users/index.html.erb within layouts/application (Duration: 162.3ms | Allocations: 126560)
Completed 500 Internal Server Error in 168ms (ActiveRecord: 0.3ms | Allocations: 127748)


  
ActionView::Template::Error (undefined local variable or method `name' for #<#<Class:0x000055d9d7d258f0>:0x000055d9d7d16af8>):
    15:   <tbody>
    16:     <% @users.each do |user| %>
    17:       <tr>
    18:         <td><%= name %></td>
    19:         <td><%= email %></td>
    20:         <td><%= link_to t(".show"), user %></td>
    21:         <td><%= link_to t(".edit"), edit_user_path(user) %></td>
  
app/views/users/index.html.erb:18
app/views/users/index.html.erb:16
Started GET "/en/users" for ::1 at 2020-10-20 13:09:10 +0700
Processing by UsersController#index as HTML
  Parameters: {"locale"=>"en"}
  Rendering users/index.html.erb within layouts/application
  [1m[36mUser Load (0.3ms)[0m  [1m[34mSELECT "users".* FROM "users"[0m
  ↳ app/views/users/index.html.erb:16
  Rendered users/index.html.erb within layouts/application (Duration: 153.0ms | Allocations: 126559)
Completed 500 Internal Server Error in 159ms (ActiveRecord: 0.3ms | Allocations: 127747)


  
ActionView::Template::Error (undefined local variable or method `name' for #<#<Class:0x00007f3940012360>:0x00007f3940010678>):
    15:   <tbody>
    16:     <% @users.each do |user| %>
    17:       <tr>
    18:         <td><%= name %></td>
    19:         <td><%= email %></td>
    20:         <td><%= link_to t(".show"), user %></td>
    21:         <td><%= link_to 'Edit', edit_user_path(user) %></td>
  
app/views/users/index.html.erb:18
app/views/users/index.html.erb:16
Started GET "/en/users" for ::1 at 2020-10-20 13:09:22 +0700
Processing by UsersController#index as HTML
  Parameters: {"locale"=>"en"}
  Rendering users/index.html.erb within layouts/application
  [1m[36mUser Load (0.3ms)[0m  [1m[34mSELECT "users".* FROM "users"[0m
  ↳ app/views/users/index.html.erb:16
  Rendered users/index.html.erb within layouts/application (Duration: 158.0ms | Allocations: 126528)
Completed 500 Internal Server Error in 164ms (ActiveRecord: 0.3ms | Allocations: 127716)


  
ActionView::Template::Error (undefined local variable or method `name' for #<#<Class:0x00007f3960020ff8>:0x00007f3970013708>):
    15:   <tbody>
    16:     <% @users.each do |user| %>
    17:       <tr>
    18:         <td><%= name %></td>
    19:         <td><%= email %></td>
    20:         <td><%= link_to t(".show"), user %></td>
    21:         <td><%= link_to 'Edit', edit_user_path(user) %></td>
  
app/views/users/index.html.erb:18
app/views/users/index.html.erb:16
Started GET "/en/users" for ::1 at 2020-10-20 13:10:18 +0700
Processing by UsersController#index as HTML
  Parameters: {"locale"=>"en"}
  Rendering users/index.html.erb within layouts/application
  [1m[36mUser Load (0.1ms)[0m  [1m[34mSELECT "users".* FROM "users"[0m
  ↳ app/views/users/index.html.erb:16
  Rendered users/index.html.erb within layouts/application (Duration: 137.2ms | Allocations: 126591)
Completed 500 Internal Server Error in 139ms (ActiveRecord: 0.1ms | Allocations: 127779)


  
ActionView::Template::Error (undefined local variable or method `email' for #<#<Class:0x00007f397400ce90>:0x00007f39603bb1e0>):
    16:     <% @users.each do |user| %>
    17:       <tr>
    18:         <td><%= user %></td>
    19:         <td><%= email %></td>
    20:         <td><%= link_to t(".show"), user %></td>
    21:         <td><%= link_to 'Edit', edit_user_path(user) %></td>
    22:         <td><%= link_to 'Destroy', user, method: :delete, data: { confirm: 'Are you sure?' } %></td>
  
app/views/users/index.html.erb:19
app/views/users/index.html.erb:16
Started GET "/en/users" for ::1 at 2020-10-20 13:12:50 +0700
Processing by UsersController#index as HTML
  Parameters: {"locale"=>"en"}
  Rendering users/index.html.erb within layouts/application
  [1m[36mUser Load (0.1ms)[0m  [1m[34mSELECT "users".* FROM "users"[0m
  ↳ app/views/users/index.html.erb:16
  Rendered users/index.html.erb within layouts/application (Duration: 3.2ms | Allocations: 2373)
Completed 500 Internal Server Error in 5ms (ActiveRecord: 0.1ms | Allocations: 3561)


  
ActionView::Template::Error (uninitialized constant #<Class:0x00007f393c0dea18>::Email):
    16:     <% @users.each do |user| %>
    17:       <tr>
    18:         <td><%= user %></td>
    19:         <td><%= Email %></td>
    20:         <td><%= link_to t(".show"), user %></td>
    21:         <td><%= link_to 'Edit', edit_user_path(user) %></td>
    22:         <td><%= link_to 'Destroy', user, method: :delete, data: { confirm: 'Are you sure?' } %></td>
  
app/views/users/index.html.erb:19
app/views/users/index.html.erb:16
Started GET "/" for ::1 at 2020-10-20 13:19:05 +0700
  [1m[35m (14.0ms)[0m  [1m[34mSELECT sqlite_version(*)[0m
  [1m[35m (0.2ms)[0m  [1m[34mSELECT "schema_migrations"."version" FROM "schema_migrations" ORDER BY "schema_migrations"."version" ASC[0m
Processing by Rails::WelcomeController#index as HTML
  Rendering /home/hoangha/.rvm/gems/ruby-2.7.0/gems/railties-6.0.3.4/lib/rails/templates/rails/welcome/index.html.erb
  Rendered /home/hoangha/.rvm/gems/ruby-2.7.0/gems/railties-6.0.3.4/lib/rails/templates/rails/welcome/index.html.erb (Duration: 37.7ms | Allocations: 295)
Completed 200 OK in 143ms (Views: 49.3ms | ActiveRecord: 0.0ms | Allocations: 1747)


Started GET "/en/users" for ::1 at 2020-10-20 13:19:09 +0700
Processing by UsersController#index as HTML
  Parameters: {"locale"=>"en"}
  Rendering users/index.html.erb within layouts/application
  [1m[36mUser Load (15.9ms)[0m  [1m[34mSELECT "users".* FROM "users"[0m
  ↳ app/views/users/index.html.erb:16
  Rendered users/index.html.erb within layouts/application (Duration: 428.7ms | Allocations: 8434)
[Webpacker] Everything's up-to-date. Nothing to do
Completed 200 OK in 892ms (Views: 828.7ms | ActiveRecord: 16.5ms | Allocations: 15356)


Started GET "/vi/users" for ::1 at 2020-10-20 13:19:12 +0700
Processing by UsersController#index as HTML
  Parameters: {"locale"=>"vi"}
  Rendering users/index.html.erb within layouts/application
  [1m[36mUser Load (0.1ms)[0m  [1m[34mSELECT "users".* FROM "users"[0m
  ↳ app/views/users/index.html.erb:16
  Rendered users/index.html.erb within layouts/application (Duration: 1.6ms | Allocations: 1089)
[Webpacker] Everything's up-to-date. Nothing to do
Completed 200 OK in 6ms (Views: 5.6ms | ActiveRecord: 0.1ms | Allocations: 5042)


Started GET "/en/users" for ::1 at 2020-10-20 13:19:14 +0700
Processing by UsersController#index as HTML
  Parameters: {"locale"=>"en"}
  Rendering users/index.html.erb within layouts/application
  [1m[36mUser Load (0.1ms)[0m  [1m[34mSELECT "users".* FROM "users"[0m
  ↳ app/views/users/index.html.erb:16
  Rendered users/index.html.erb within layouts/application (Duration: 1.8ms | Allocations: 1074)
[Webpacker] Everything's up-to-date. Nothing to do
Completed 200 OK in 6ms (Views: 5.3ms | ActiveRecord: 0.1ms | Allocations: 4499)


Started GET "/vi/users" for ::1 at 2020-10-20 13:19:15 +0700
Processing by UsersController#index as HTML
  Parameters: {"locale"=>"vi"}
  Rendering users/index.html.erb within layouts/application
  [1m[36mUser Load (0.1ms)[0m  [1m[34mSELECT "users".* FROM "users"[0m
  ↳ app/views/users/index.html.erb:16
  Rendered users/index.html.erb within layouts/application (Duration: 1.8ms | Allocations: 1064)
[Webpacker] Everything's up-to-date. Nothing to do
Completed 200 OK in 6ms (Views: 5.4ms | ActiveRecord: 0.1ms | Allocations: 4474)


Started GET "/en/users" for ::1 at 2020-10-20 13:19:16 +0700
Processing by UsersController#index as HTML
  Parameters: {"locale"=>"en"}
  Rendering users/index.html.erb within layouts/application
  [1m[36mUser Load (0.2ms)[0m  [1m[34mSELECT "users".* FROM "users"[0m
  ↳ app/views/users/index.html.erb:16
  Rendered users/index.html.erb within layouts/application (Duration: 1.9ms | Allocations: 1075)
[Webpacker] Everything's up-to-date. Nothing to do
Completed 200 OK in 6ms (Views: 5.7ms | ActiveRecord: 0.2ms | Allocations: 4502)


Started GET "/vi/users" for ::1 at 2020-10-20 13:19:16 +0700
Processing by UsersController#index as HTML
  Parameters: {"locale"=>"vi"}
  Rendering users/index.html.erb within layouts/application
  [1m[36mUser Load (0.1ms)[0m  [1m[34mSELECT "users".* FROM "users"[0m
  ↳ app/views/users/index.html.erb:16
  Rendered users/index.html.erb within layouts/application (Duration: 1.7ms | Allocations: 1063)
[Webpacker] Everything's up-to-date. Nothing to do
Completed 200 OK in 6ms (Views: 5.5ms | ActiveRecord: 0.1ms | Allocations: 4482)


Started GET "/vi/users" for ::1 at 2020-10-20 13:20:41 +0700
Processing by UsersController#index as HTML
  Parameters: {"locale"=>"vi"}
  Rendering users/index.html.erb within layouts/application
  [1m[36mUser Load (0.1ms)[0m  [1m[34mSELECT "users".* FROM "users"[0m
  ↳ app/views/users/index.html.erb:16
  Rendered users/index.html.erb within layouts/application (Duration: 3.3ms | Allocations: 2038)
[Webpacker] Everything's up-to-date. Nothing to do
Completed 200 OK in 9ms (Views: 8.2ms | ActiveRecord: 0.1ms | Allocations: 6280)


Started GET "/vi/users" for ::1 at 2020-10-20 13:20:47 +0700
Processing by UsersController#index as HTML
  Parameters: {"locale"=>"vi"}
  Rendering users/index.html.erb within layouts/application
  [1m[36mUser Load (0.1ms)[0m  [1m[34mSELECT "users".* FROM "users"[0m
  ↳ app/views/users/index.html.erb:16
  Rendered users/index.html.erb within layouts/application (Duration: 2.3ms | Allocations: 1675)
[Webpacker] Everything's up-to-date. Nothing to do
Completed 200 OK in 7ms (Views: 6.2ms | ActiveRecord: 0.1ms | Allocations: 4994)


Started GET "/en/users" for ::1 at 2020-10-20 13:20:47 +0700
Processing by UsersController#index as HTML
  Parameters: {"locale"=>"en"}
  Rendering users/index.html.erb within layouts/application
  [1m[36mUser Load (0.1ms)[0m  [1m[34mSELECT "users".* FROM "users"[0m
  ↳ app/views/users/index.html.erb:16
  Rendered users/index.html.erb within layouts/application (Duration: 2.3ms | Allocations: 1664)
[Webpacker] Everything's up-to-date. Nothing to do
Completed 200 OK in 9ms (Views: 8.5ms | ActiveRecord: 0.1ms | Allocations: 5492)


Started GET "/vi/users" for ::1 at 2020-10-20 13:20:48 +0700
Processing by UsersController#index as HTML
  Parameters: {"locale"=>"vi"}
  Rendering users/index.html.erb within layouts/application
  [1m[36mUser Load (0.1ms)[0m  [1m[34mSELECT "users".* FROM "users"[0m
  ↳ app/views/users/index.html.erb:16
  Rendered users/index.html.erb within layouts/application (Duration: 2.2ms | Allocations: 1664)
[Webpacker] Everything's up-to-date. Nothing to do
Completed 200 OK in 6ms (Views: 5.7ms | ActiveRecord: 0.1ms | Allocations: 4990)


Started GET "/vi/users" for ::1 at 2020-10-20 13:21:27 +0700
Processing by UsersController#index as HTML
  Parameters: {"locale"=>"vi"}
  Rendering users/index.html.erb within layouts/application
  [1m[36mUser Load (0.2ms)[0m  [1m[34mSELECT "users".* FROM "users"[0m
  ↳ app/views/users/index.html.erb:16
  Rendered users/index.html.erb within layouts/application (Duration: 3.1ms | Allocations: 1492)
[Webpacker] Everything's up-to-date. Nothing to do
Completed 200 OK in 9ms (Views: 8.3ms | ActiveRecord: 0.2ms | Allocations: 5828)


Started GET "/vi/users" for ::1 at 2020-10-20 13:21:45 +0700
Processing by UsersController#index as HTML
  Parameters: {"locale"=>"vi"}
  Rendering users/index.html.erb within layouts/application
  [1m[36mUser Load (0.1ms)[0m  [1m[34mSELECT "users".* FROM "users"[0m
  ↳ app/views/users/index.html.erb:16
  Rendered users/index.html.erb within layouts/application (Duration: 2.1ms | Allocations: 1158)
[Webpacker] Everything's up-to-date. Nothing to do
Completed 200 OK in 6ms (Views: 5.7ms | ActiveRecord: 0.1ms | Allocations: 4574)


Started GET "/en/users" for ::1 at 2020-10-20 13:21:47 +0700
Processing by UsersController#index as HTML
  Parameters: {"locale"=>"en"}
  Rendering users/index.html.erb within layouts/application
  [1m[36mUser Load (0.1ms)[0m  [1m[34mSELECT "users".* FROM "users"[0m
  ↳ app/views/users/index.html.erb:16
  Rendered users/index.html.erb within layouts/application (Duration: 1.8ms | Allocations: 1147)
[Webpacker] Everything's up-to-date. Nothing to do
Completed 200 OK in 7ms (Views: 6.1ms | ActiveRecord: 0.1ms | Allocations: 5062)


Started GET "/en/users" for ::1 at 2020-10-20 13:21:48 +0700
Processing by UsersController#index as HTML
  Parameters: {"locale"=>"en"}
  Rendering users/index.html.erb within layouts/application
  [1m[36mUser Load (0.1ms)[0m  [1m[34mSELECT "users".* FROM "users"[0m
  ↳ app/views/users/index.html.erb:16
  Rendered users/index.html.erb within layouts/application (Duration: 1.9ms | Allocations: 1147)
[Webpacker] Everything's up-to-date. Nothing to do
Completed 200 OK in 6ms (Views: 5.6ms | ActiveRecord: 0.1ms | Allocations: 4556)


Started GET "/" for ::1 at 2020-10-20 16:36:55 +0700
  [1m[35m (10.1ms)[0m  [1m[34mSELECT sqlite_version(*)[0m
  [1m[35m (0.4ms)[0m  [1m[34mSELECT "schema_migrations"."version" FROM "schema_migrations" ORDER BY "schema_migrations"."version" ASC[0m
Processing by Rails::WelcomeController#index as HTML
  Rendering /home/hoangha/.rvm/gems/ruby-2.7.0/gems/railties-6.0.3.4/lib/rails/templates/rails/welcome/index.html.erb
  Rendered /home/hoangha/.rvm/gems/ruby-2.7.0/gems/railties-6.0.3.4/lib/rails/templates/rails/welcome/index.html.erb (Duration: 35.7ms | Allocations: 295)
Completed 200 OK in 96ms (Views: 48.1ms | ActiveRecord: 0.0ms | Allocations: 1752)


Started GET "/vi/users" for ::1 at 2020-10-20 16:36:58 +0700
Processing by UsersController#index as HTML
  Parameters: {"locale"=>"vi"}
  Rendering users/index.html.erb within layouts/application
  [1m[36mUser Load (11.3ms)[0m  [1m[34mSELECT "users".* FROM "users"[0m
  ↳ app/views/users/index.html.erb:16
  Rendered users/index.html.erb within layouts/application (Duration: 210.5ms | Allocations: 8559)
[Webpacker] Everything's up-to-date. Nothing to do
Completed 200 OK in 392ms (Views: 321.0ms | ActiveRecord: 12.7ms | Allocations: 21886)


Started GET "/en/users" for ::1 at 2020-10-20 16:37:15 +0700
Processing by UsersController#index as HTML
  Parameters: {"locale"=>"en"}
  Rendering users/index.html.erb within layouts/application
  [1m[36mUser Load (10.5ms)[0m  [1m[34mSELECT "users".* FROM "users"[0m
  ↳ app/views/users/index.html.erb:16
  Rendered users/index.html.erb within layouts/application (Duration: 13.5ms | Allocations: 1173)
[Webpacker] Everything's up-to-date. Nothing to do
Completed 200 OK in 21ms (Views: 9.2ms | ActiveRecord: 10.5ms | Allocations: 4992)


Started GET "/vi/users" for ::1 at 2020-10-20 16:37:23 +0700
Processing by UsersController#index as HTML
  Parameters: {"locale"=>"vi"}
  Rendering users/index.html.erb within layouts/application
  [1m[36mUser Load (0.1ms)[0m  [1m[34mSELECT "users".* FROM "users"[0m
  ↳ app/views/users/index.html.erb:16
  Rendered users/index.html.erb within layouts/application (Duration: 1.9ms | Allocations: 1158)
[Webpacker] Everything's up-to-date. Nothing to do
Completed 200 OK in 6ms (Views: 5.3ms | ActiveRecord: 0.1ms | Allocations: 4460)


Started GET "/vi/users/1/edit" for ::1 at 2020-10-20 16:37:54 +0700
Processing by UsersController#edit as HTML
  Parameters: {"locale"=>"vi", "id"=>"1"}
  [1m[36mUser Load (0.4ms)[0m  [1m[34mSELECT "users".* FROM "users" WHERE "users"."id" = ? LIMIT ?[0m  [["id", 1], ["LIMIT", 1]]
  ↳ app/controllers/users_controller.rb:54:in `set_user'
  Rendering users/edit.html.erb within layouts/application
  Rendered users/_form.html.erb (Duration: 28.2ms | Allocations: 1563)
  Rendered users/edit.html.erb within layouts/application (Duration: 44.6ms | Allocations: 2002)
[Webpacker] Everything's up-to-date. Nothing to do
Completed 200 OK in 88ms (Views: 54.1ms | ActiveRecord: 0.4ms | Allocations: 8210)


Started GET "/" for ::1 at 2020-10-21 11:27:35 +0700
  [1m[35m (0.6ms)[0m  [1m[34mSELECT sqlite_version(*)[0m
  [1m[35m (0.2ms)[0m  [1m[34mSELECT "schema_migrations"."version" FROM "schema_migrations" ORDER BY "schema_migrations"."version" ASC[0m
Processing by Rails::WelcomeController#index as HTML
  Rendering /home/hoangha/.rvm/gems/ruby-2.7.0/gems/railties-6.0.3.4/lib/rails/templates/rails/welcome/index.html.erb
  Rendered /home/hoangha/.rvm/gems/ruby-2.7.0/gems/railties-6.0.3.4/lib/rails/templates/rails/welcome/index.html.erb (Duration: 5.3ms | Allocations: 295)
Completed 200 OK in 11ms (Views: 6.6ms | ActiveRecord: 0.0ms | Allocations: 1659)


Started GET "/vi/users" for ::1 at 2020-10-21 11:29:09 +0700
Processing by UsersController#index as HTML
  Parameters: {"locale"=>"vi"}
  Rendering users/index.html.erb within layouts/application
  [1m[36mUser Load (0.4ms)[0m  [1m[34mSELECT "users".* FROM "users"[0m
  ↳ app/views/users/index.html.erb:16
  Rendered users/index.html.erb within layouts/application (Duration: 228.9ms | Allocations: 11419)
Completed 500 Internal Server Error in 235ms (ActiveRecord: 1.9ms | Allocations: 14186)


  
ActionView::SyntaxErrorInTemplate (Encountered a syntax error while rendering template: check <!DOCTYPE html>
<html>
  <head>
    <title><%= t. "title" %></title>
    <%= csrf_meta_tags %>
    <%= csp_meta_tag %>

    <%= stylesheet_link_tag 'application', media: 'all', 'data-turbolinks-track': 'reload' %>
    <%= javascript_pack_tag 'application', 'data-turbolinks-track': 'reload' %>
  </head>

  <body>
    <%= yield %>
  </body>
</html>

):
1:    <!DOCTYPE html>
2:    <html>
3:      <head>
4:        <title><%= t. "title" %></title>
5:        <%= csrf_meta_tags %>
6:        <%= csp_meta_tag %>
7:    
8:        <%= stylesheet_link_tag 'application', media: 'all', 'data-turbolinks-track': 'reload' %>
9:        <%= javascript_pack_tag 'application', 'data-turbolinks-track': 'reload' %>
10:      </head>
11:    
12:      <body>
13:        <%= yield %>
14:      </body>
15:    </html>
  
app/views/layouts/application.html.erb:4: syntax error, unexpected string literal
app/views/layouts/application.html.erb:4: syntax error, unexpected string literal
app/views/layouts/application.html.erb:4: syntax error, unexpected string literal
app/views/layouts/application.html.erb:4: syntax error, unexpected string literal
app/views/layouts/application.html.erb:4: syntax error, unexpected string literal
app/views/layouts/application.html.erb:4: syntax error, unexpected string literal
Started GET "/" for ::1 at 2020-10-21 12:51:15 +0700
  [1m[35m (0.4ms)[0m  [1m[34mSELECT sqlite_version(*)[0m
Processing by Rails::WelcomeController#index as HTML
  Rendering /home/hoangha/.rvm/gems/ruby-2.7.0/gems/railties-6.0.3.4/lib/rails/templates/rails/welcome/index.html.erb
  Rendered /home/hoangha/.rvm/gems/ruby-2.7.0/gems/railties-6.0.3.4/lib/rails/templates/rails/welcome/index.html.erb (Duration: 26.0ms | Allocations: 295)
Completed 200 OK in 60ms (Views: 27.3ms | ActiveRecord: 0.0ms | Allocations: 1658)


Started GET "/" for ::1 at 2020-10-21 14:25:23 +0700
  [1m[35m (0.5ms)[0m  [1m[34mSELECT sqlite_version(*)[0m
Processing by Rails::WelcomeController#index as HTML
  Rendering /home/hoangha/.rvm/gems/ruby-2.7.0/gems/railties-6.0.3.4/lib/rails/templates/rails/welcome/index.html.erb
  Rendered /home/hoangha/.rvm/gems/ruby-2.7.0/gems/railties-6.0.3.4/lib/rails/templates/rails/welcome/index.html.erb (Duration: 27.0ms | Allocations: 295)
Completed 200 OK in 94ms (Views: 38.8ms | ActiveRecord: 0.0ms | Allocations: 1659)


